#! /usr/bin/vvp
:ivl_version "10.2 (stable)";
:ivl_delay_selection "TYPICAL";
:vpi_time_precision - 12;
:vpi_module "system";
:vpi_module "vhdl_sys";
:vpi_module "v2005_math";
:vpi_module "va_math";
S_0x1def250 .scope module, "trng_tester" "trng_tester" 2 4;
 .timescale -9 -12;
v0x1e14240_0 .var "clk", 0 0;
v0x1e14300_0 .var "counter", 31 0;
v0x1e143e0_0 .var/i "data_file", 31 0;
L_0x7fd586f042a0 .functor BUFT 1, C4<0>, C4<0>, C4<0>, C4<0>;
v0x1e144a0_0 .net "done", 0 0, L_0x7fd586f042a0;  1 drivers
v0x1e14560_0 .var "latch_bit", 0 0;
v0x1e14690_0 .net "out", 0 0, L_0x1e2b6d0;  1 drivers
v0x1e14730_0 .net "out_valid", 0 0, L_0x1e2bec0;  1 drivers
v0x1e147d0_0 .var "reset", 0 0;
v0x1e14870_0 .var/i "scan_file", 31 0;
S_0x1ddccc0 .scope module, "dut" "trng" 2 17, 3 2 0, S_0x1def250;
 .timescale -9 -12;
    .port_info 0 /INPUT 1 "clk"
    .port_info 1 /INPUT 1 "reset"
    .port_info 2 /INPUT 1 "latch_bit"
    .port_info 3 /OUTPUT 1 "out_valid"
    .port_info 4 /OUTPUT 1 "out"
L_0x1e2bd60 .functor OR 1, v0x1e147d0_0, L_0x1e2b340, C4<0>, C4<0>;
L_0x1e2bec0 .functor BUFZ 1, v0x1e140e0_0, C4<0>, C4<0>, C4<0>;
L_0x7fd586f04258 .functor BUFT 1, C4<0>, C4<0>, C4<0>, C4<0>;
v0x1e137e0_0 .net *"_s5", 0 0, L_0x7fd586f04258;  1 drivers
v0x1e138e0_0 .net "buffer_out", 16 0, L_0x1e10480;  1 drivers
v0x1e139c0_0 .net "buffer_valid", 0 0, L_0x1e2b340;  1 drivers
v0x1e13a90_0 .net "clk", 0 0, v0x1e14240_0;  1 drivers
v0x1e13b30_0 .net "ivn_out", 5 0, L_0x1e1a210;  1 drivers
v0x1e13c20_0 .net "ivn_valid", 5 0, L_0x1e1a430;  1 drivers
v0x1e13cc0_0 .net "lane", 3 0, L_0x1e14a50;  1 drivers
v0x1e13dd0_0 .net "latch_bit", 0 0, v0x1e14560_0;  1 drivers
v0x1e13e70_0 .net "out", 0 0, L_0x1e2b6d0;  alias, 1 drivers
v0x1e13fa0_0 .net "out_valid", 0 0, L_0x1e2bec0;  alias, 1 drivers
v0x1e14040_0 .net "reset", 0 0, v0x1e147d0_0;  1 drivers
v0x1e140e0_0 .var "trng_valid", 0 0;
L_0x1e10480 .concat [ 16 1 0 0], L_0x1e2b2a0, L_0x7fd586f04258;
L_0x1e2bdd0 .part L_0x1e10480, 0, 16;
S_0x1dd8070 .scope module, "buffer" "fifo16" 3 34, 3 91 0, S_0x1ddccc0;
 .timescale -9 -12;
    .port_info 0 /INPUT 1 "clk"
    .port_info 1 /INPUT 1 "reset"
    .port_info 2 /INPUT 6 "valid"
    .port_info 3 /INPUT 6 "bits"
    .port_info 4 /OUTPUT 1 "out_valid"
    .port_info 5 /OUTPUT 16 "out_16"
v0x1de5f40_0 .net *"_s10", 4 0, L_0x1e1af00;  1 drivers
L_0x7fd586f041c8 .functor BUFT 1, C4<0000000000000000>, C4<0>, C4<0>, C4<0>;
v0x1e059c0_0 .net/2u *"_s14", 15 0, L_0x7fd586f041c8;  1 drivers
v0x1e05aa0_0 .net *"_s17", 15 0, L_0x1e2b200;  1 drivers
L_0x7fd586f040f0 .functor BUFT 1, C4<00000>, C4<0>, C4<0>, C4<0>;
v0x1e05b90_0 .net/2u *"_s2", 4 0, L_0x7fd586f040f0;  1 drivers
L_0x7fd586f04210 .functor BUFT 1, C4<0>, C4<0>, C4<0>, C4<0>;
v0x1e05c70_0 .net/2u *"_s20", 0 0, L_0x7fd586f04210;  1 drivers
L_0x7fd586f04138 .functor BUFT 1, C4<00000>, C4<0>, C4<0>, C4<0>;
v0x1e05da0_0 .net/2u *"_s6", 4 0, L_0x7fd586f04138;  1 drivers
L_0x7fd586f04180 .functor BUFT 1, C4<00101>, C4<0>, C4<0>, C4<0>;
v0x1e05e80_0 .net/2u *"_s8", 4 0, L_0x7fd586f04180;  1 drivers
v0x1e05f60_0 .net "bits", 5 0, L_0x1e1a210;  alias, 1 drivers
v0x1e06040_0 .net "clk", 0 0, v0x1e14240_0;  alias, 1 drivers
v0x1e06190_0 .var "counter", 4 0;
v0x1e06270_0 .net "counter_up", 4 0, L_0x1e1b0b0;  1 drivers
v0x1e06350_0 .net "counter_wire", 4 0, L_0x1e1ae10;  1 drivers
v0x1e06430_0 .var/i "i", 31 0;
v0x1e06510_0 .var/i "idx", 31 0;
v0x1e065f0_0 .var/i "j", 31 0;
v0x1e066d0_0 .var "num_valid", 2 0;
v0x1e067b0_0 .var "num_valid_n", 2 0;
v0x1e06960_0 .net "out_16", 15 0, L_0x1e2b2a0;  1 drivers
v0x1e06a00_0 .net "out_valid", 0 0, L_0x1e2b340;  alias, 1 drivers
v0x1e06ac0_0 .var "out_valid_reg", 0 0;
v0x1e06b80_0 .var "register", 20 0;
v0x1e06c60_0 .net "reset", 0 0, v0x1e147d0_0;  alias, 1 drivers
v0x1e06d20_0 .net "valid", 5 0, L_0x1e1a430;  alias, 1 drivers
v0x1e06e00_0 .var "valid_bits", 5 0;
v0x1e06ee0_0 .var "write_bits", 11 0;
v0x1e06fc0_0 .net "writing", 0 0, L_0x1e1ad70;  1 drivers
E_0x1dc7ed0 .event posedge, v0x1e06040_0;
E_0x1dd2020/0 .event edge, v0x1e06510_0, v0x1e066d0_0, v0x1e06d20_0, v0x1e05f60_0;
E_0x1dd2020/1 .event edge, v0x1e06e00_0;
E_0x1dd2020 .event/or E_0x1dd2020/0, E_0x1dd2020/1;
L_0x1e1ad70 .part v0x1e06ee0_0, 0, 1;
L_0x1e1ae10 .functor MUXZ 5, v0x1e06190_0, L_0x7fd586f040f0, v0x1e147d0_0, C4<>;
L_0x1e1af00 .arith/sum 5, v0x1e06190_0, L_0x7fd586f04180;
L_0x1e1b0b0 .functor MUXZ 5, L_0x1e1af00, L_0x7fd586f04138, v0x1e147d0_0, C4<>;
L_0x1e2b200 .part v0x1e06b80_0, 0, 16;
L_0x1e2b2a0 .functor MUXZ 16, L_0x1e2b200, L_0x7fd586f041c8, v0x1e147d0_0, C4<>;
L_0x1e2b340 .functor MUXZ 1, v0x1e06ac0_0, L_0x7fd586f04210, v0x1e147d0_0, C4<>;
S_0x1e07180 .scope module, "ivn" "ivn_top" 3 22, 4 1 0, S_0x1ddccc0;
 .timescale -9 -12;
    .port_info 0 /INPUT 1 "clk"
    .port_info 1 /INPUT 1 "reset"
    .port_info 2 /INPUT 4 "lane"
    .port_info 3 /INPUT 1 "s"
    .port_info 4 /INPUT 1 "s_valid"
    .port_info 5 /OUTPUT 6 "s_vn"
    .port_info 6 /OUTPUT 6 "s_vn_valid"
P_0x1e07320 .param/l "LOAD" 0 4 22, C4<10>;
P_0x1e07360 .param/l "STORE" 0 4 21, C4<01>;
P_0x1e073a0 .param/l "WAIT" 0 4 20, C4<00>;
v0x1e11280_0 .net "clk", 0 0, v0x1e14240_0;  alias, 1 drivers
v0x1e11340_0 .var "current_lane", 3 0;
v0x1e11420_0 .net "lane", 3 0, L_0x1e14a50;  alias, 1 drivers
v0x1e11510_0 .var "load", 0 0;
v0x1e115e0_0 .var "next_state", 1 0;
v0x1e116a0_0 .var "reg_lane", 3 0;
v0x1e11760_0 .net "reset", 0 0, v0x1e147d0_0;  alias, 1 drivers
v0x1e11800_0 .net "s", 0 0, v0x1e14560_0;  alias, 1 drivers
v0x1e118d0_0 .net "s_load", 5 0, L_0x1e14d50;  1 drivers
v0x1e11a00_0 .net "s_store", 5 0, L_0x1e1a7d0;  1 drivers
L_0x7fd586f040a8 .functor BUFT 1, C4<1>, C4<0>, C4<0>, C4<0>;
v0x1e11af0_0 .net "s_valid", 0 0, L_0x7fd586f040a8;  1 drivers
v0x1e11b90_0 .net "s_valid_load", 5 0, L_0x1e15020;  1 drivers
v0x1e11c80_0 .net "s_valid_store", 5 0, L_0x1e1aa00;  1 drivers
v0x1e11d90_0 .net "s_vn", 5 0, L_0x1e1a210;  alias, 1 drivers
v0x1e11ea0_0 .net "s_vn_valid", 5 0, L_0x1e1a430;  alias, 1 drivers
v0x1e11fb0_0 .var "state", 1 0;
v0x1e12090_0 .var "wen", 0 0;
E_0x1e075f0 .event edge, v0x1e11fb0_0, v0x1e11340_0, v0x1e11420_0;
S_0x1e07650 .scope module, "ivn_reg" "ivn_register" 4 62, 4 72 0, S_0x1e07180;
 .timescale -9 -12;
    .port_info 0 /INPUT 1 "clk"
    .port_info 1 /INPUT 1 "reset"
    .port_info 2 /INPUT 1 "wen"
    .port_info 3 /INPUT 4 "lane"
    .port_info 4 /INPUT 6 "s_store"
    .port_info 5 /INPUT 6 "s_valid_store"
    .port_info 6 /OUTPUT 6 "s_load"
    .port_info 7 /OUTPUT 6 "s_valid_load"
v0x1e07960_0 .net *"_s0", 11 0, L_0x1e14b10;  1 drivers
v0x1e07a60_0 .net *"_s10", 5 0, L_0x1e14ee0;  1 drivers
L_0x7fd586f04060 .functor BUFT 1, C4<00>, C4<0>, C4<0>, C4<0>;
v0x1e07b40_0 .net *"_s13", 1 0, L_0x7fd586f04060;  1 drivers
v0x1e07c00_0 .net *"_s2", 5 0, L_0x1e14c10;  1 drivers
L_0x7fd586f04018 .functor BUFT 1, C4<00>, C4<0>, C4<0>, C4<0>;
v0x1e07ce0_0 .net *"_s5", 1 0, L_0x7fd586f04018;  1 drivers
v0x1e07e10_0 .net *"_s8", 11 0, L_0x1e14e40;  1 drivers
v0x1e07ef0_0 .net "clk", 0 0, v0x1e14240_0;  alias, 1 drivers
v0x1e07f90_0 .net "lane", 3 0, v0x1e116a0_0;  1 drivers
v0x1e08050 .array "registers", 0 15, 11 0;
v0x1e081a0_0 .net "reset", 0 0, v0x1e147d0_0;  alias, 1 drivers
v0x1e08270_0 .net "s_load", 5 0, L_0x1e14d50;  alias, 1 drivers
v0x1e08330_0 .net "s_store", 5 0, L_0x1e1a7d0;  alias, 1 drivers
v0x1e08410_0 .net "s_valid_load", 5 0, L_0x1e15020;  alias, 1 drivers
v0x1e084f0_0 .net "s_valid_store", 5 0, L_0x1e1aa00;  alias, 1 drivers
v0x1e085d0_0 .net "wen", 0 0, v0x1e12090_0;  1 drivers
L_0x1e14b10 .array/port v0x1e08050, L_0x1e14c10;
L_0x1e14c10 .concat [ 4 2 0 0], v0x1e116a0_0, L_0x7fd586f04018;
L_0x1e14d50 .part L_0x1e14b10, 0, 6;
L_0x1e14e40 .array/port v0x1e08050, L_0x1e14ee0;
L_0x1e14ee0 .concat [ 4 2 0 0], v0x1e116a0_0, L_0x7fd586f04060;
L_0x1e15020 .part L_0x1e14e40, 6, 6;
S_0x1e08790 .scope module, "shared_logic" "ivn_logic" 4 66, 4 113 0, S_0x1e07180;
 .timescale -9 -12;
    .port_info 0 /INPUT 1 "clk"
    .port_info 1 /INPUT 1 "reset"
    .port_info 2 /INPUT 1 "load"
    .port_info 3 /INPUT 6 "s_load"
    .port_info 4 /INPUT 6 "s_valid_load"
    .port_info 5 /INPUT 1 "s"
    .port_info 6 /INPUT 1 "s_valid"
    .port_info 7 /OUTPUT 6 "s_store"
    .port_info 8 /OUTPUT 6 "s_valid_store"
    .port_info 9 /OUTPUT 6 "s_vn"
    .port_info 10 /OUTPUT 6 "s_vn_valid"
v0x1e10170_0 .net "clk", 0 0, v0x1e14240_0;  alias, 1 drivers
v0x1e10340_0 .net "load", 0 0, v0x1e11510_0;  1 drivers
v0x1e103e0_0 .net "reset", 0 0, v0x1e147d0_0;  alias, 1 drivers
v0x1e10590_0 .net "s", 0 0, v0x1e14560_0;  alias, 1 drivers
v0x1e10630_0 .var "s_in", 5 0;
v0x1e106d0_0 .net "s_load", 5 0, L_0x1e14d50;  alias, 1 drivers
v0x1e10770_0 .net "s_r", 2 0, L_0x1e179d0;  1 drivers
v0x1e10810_0 .net "s_r_valid", 2 0, L_0x1e17b60;  1 drivers
v0x1e108b0_0 .net "s_store", 5 0, L_0x1e1a7d0;  alias, 1 drivers
v0x1e109e0_0 .net "s_valid", 0 0, L_0x7fd586f040a8;  alias, 1 drivers
v0x1e10a80_0 .var "s_valid_in", 5 0;
v0x1e10b60_0 .net "s_valid_load", 5 0, L_0x1e15020;  alias, 1 drivers
v0x1e10c20_0 .net "s_valid_store", 5 0, L_0x1e1aa00;  alias, 1 drivers
v0x1e10cf0_0 .net "s_vn", 5 0, L_0x1e1a210;  alias, 1 drivers
v0x1e10dc0_0 .net "s_vn_valid", 5 0, L_0x1e1a430;  alias, 1 drivers
v0x1e10e90_0 .net "s_xor", 2 0, L_0x1e17700;  1 drivers
v0x1e10f50_0 .net "s_xor_valid", 2 0, L_0x1e177f0;  1 drivers
E_0x1e08aa0/0 .event edge, v0x1e10340_0, v0x1e08270_0, v0x1e08410_0, v0x1e10590_0;
E_0x1e08aa0/1 .event edge, v0x1e109e0_0, v0x1e10e90_0, v0x1e10f50_0, v0x1e10770_0;
E_0x1e08aa0/2 .event edge, v0x1e10810_0;
E_0x1e08aa0 .event/or E_0x1e08aa0/0, E_0x1e08aa0/1, E_0x1e08aa0/2;
L_0x1e15bf0 .part v0x1e10630_0, 0, 1;
L_0x1e15d20 .part v0x1e10a80_0, 0, 1;
L_0x1e16840 .part v0x1e10630_0, 1, 1;
L_0x1e16970 .part v0x1e10a80_0, 1, 1;
L_0x1e174a0 .part v0x1e10630_0, 2, 1;
L_0x1e175d0 .part v0x1e10a80_0, 2, 1;
L_0x1e17700 .concat8 [ 1 1 1 0], L_0x1e15690, L_0x1e16340, L_0x1e16fa0;
L_0x1e177f0 .concat8 [ 1 1 1 0], L_0x1e15790, L_0x1e16440, L_0x1e170a0;
L_0x1e179d0 .concat8 [ 1 1 1 0], L_0x1e158a0, L_0x1e16550, L_0x1e171b0;
L_0x1e17b60 .concat8 [ 1 1 1 0], L_0x1e15ae0, L_0x1e16730, L_0x1e17390;
L_0x1e18640 .part v0x1e10630_0, 3, 1;
L_0x1e18800 .part v0x1e10a80_0, 3, 1;
L_0x1e19320 .part v0x1e10630_0, 4, 1;
L_0x1e19450 .part v0x1e10a80_0, 4, 1;
L_0x1e19f20 .part v0x1e10630_0, 5, 1;
L_0x1e1a050 .part v0x1e10a80_0, 5, 1;
LS_0x1e1a210_0_0 .concat8 [ 1 1 1 1], L_0x1e15260, L_0x1e15ff0, L_0x1e16bb0, L_0x1e17dd0;
LS_0x1e1a210_0_4 .concat8 [ 1 1 0 0], L_0x1e18b70, L_0x1e196d0;
L_0x1e1a210 .concat8 [ 4 2 0 0], LS_0x1e1a210_0_0, LS_0x1e1a210_0_4;
LS_0x1e1a430_0_0 .concat8 [ 1 1 1 1], L_0x1e15510, L_0x1e16200, L_0x1e16e60, L_0x1e17fa0;
LS_0x1e1a430_0_4 .concat8 [ 1 1 0 0], L_0x1e18d80, L_0x1e198e0;
L_0x1e1a430 .concat8 [ 4 2 0 0], LS_0x1e1a430_0_0, LS_0x1e1a430_0_4;
LS_0x1e1a7d0_0_0 .concat8 [ 1 1 1 1], L_0x1e15150, L_0x1e15e50, L_0x1e16aa0, L_0x1e17cf0;
LS_0x1e1a7d0_0_4 .concat8 [ 1 1 0 0], L_0x1e18a30, L_0x1e189c0;
L_0x1e1a7d0 .concat8 [ 4 2 0 0], LS_0x1e1a7d0_0_0, LS_0x1e1a7d0_0_4;
LS_0x1e1aa00_0_0 .concat8 [ 1 1 1 1], L_0x1e151c0, L_0x1e15f20, L_0x1e16b10, L_0x1e17d60;
LS_0x1e1aa00_0_4 .concat8 [ 1 1 0 0], L_0x1e18aa0, L_0x1e19600;
L_0x1e1aa00 .concat8 [ 4 2 0 0], LS_0x1e1aa00_0_0, LS_0x1e1aa00_0_4;
S_0x1e08b30 .scope module, "pe0" "ivn_pe" 4 158, 4 184 0, S_0x1e08790;
 .timescale -9 -12;
    .port_info 0 /INPUT 1 "clk"
    .port_info 1 /INPUT 1 "reset"
    .port_info 2 /INPUT 1 "s"
    .port_info 3 /INPUT 1 "s_valid"
    .port_info 4 /OUTPUT 1 "s_vn"
    .port_info 5 /OUTPUT 1 "s_vn_valid"
    .port_info 6 /OUTPUT 1 "s_xor"
    .port_info 7 /OUTPUT 1 "s_xor_valid"
    .port_info 8 /OUTPUT 1 "s_r"
    .port_info 9 /OUTPUT 1 "s_r_valid"
    .port_info 10 /OUTPUT 1 "s_store"
    .port_info 11 /OUTPUT 1 "s_valid_store"
L_0x1e15150 .functor BUFZ 1, v0x1e096f0_0, C4<0>, C4<0>, C4<0>;
L_0x1e151c0 .functor BUFZ 1, v0x1e09930_0, C4<0>, C4<0>, C4<0>;
L_0x1e15260 .functor BUFZ 1, v0x1e096f0_0, C4<0>, C4<0>, C4<0>;
L_0x1e15350 .functor AND 1, v0x1e09930_0, L_0x1e15d20, C4<1>, C4<1>;
L_0x1e15440 .functor XOR 1, v0x1e096f0_0, L_0x1e15bf0, C4<0>, C4<0>;
L_0x1e15510 .functor AND 1, L_0x1e15350, L_0x1e15440, C4<1>, C4<1>;
L_0x1e15690 .functor XOR 1, v0x1e096f0_0, L_0x1e15bf0, C4<0>, C4<0>;
L_0x1e15790 .functor AND 1, v0x1e09930_0, L_0x1e15d20, C4<1>, C4<1>;
L_0x1e158a0 .functor BUFZ 1, v0x1e096f0_0, C4<0>, C4<0>, C4<0>;
L_0x1e15910 .functor AND 1, v0x1e09930_0, L_0x1e15d20, C4<1>, C4<1>;
L_0x1e15a70 .functor XNOR 1, v0x1e096f0_0, L_0x1e15bf0, C4<0>, C4<0>;
L_0x1e15ae0 .functor AND 1, L_0x1e15910, L_0x1e15a70, C4<1>, C4<1>;
v0x1e08ec0_0 .net *"_s18", 0 0, L_0x1e15910;  1 drivers
v0x1e08fa0_0 .net *"_s20", 0 0, L_0x1e15a70;  1 drivers
v0x1e09060_0 .net *"_s6", 0 0, L_0x1e15350;  1 drivers
v0x1e09130_0 .net *"_s8", 0 0, L_0x1e15440;  1 drivers
v0x1e091f0_0 .net "clk", 0 0, v0x1e14240_0;  alias, 1 drivers
v0x1e09330_0 .net "reset", 0 0, v0x1e147d0_0;  alias, 1 drivers
v0x1e09420_0 .net "s", 0 0, L_0x1e15bf0;  1 drivers
v0x1e094e0_0 .net "s_r", 0 0, L_0x1e158a0;  1 drivers
v0x1e095a0_0 .net "s_r_valid", 0 0, L_0x1e15ae0;  1 drivers
v0x1e096f0_0 .var "s_reg", 0 0;
v0x1e097b0_0 .net "s_store", 0 0, L_0x1e15150;  1 drivers
v0x1e09870_0 .net "s_valid", 0 0, L_0x1e15d20;  1 drivers
v0x1e09930_0 .var "s_valid_reg", 0 0;
v0x1e099f0_0 .net "s_valid_store", 0 0, L_0x1e151c0;  1 drivers
v0x1e09ab0_0 .net "s_vn", 0 0, L_0x1e15260;  1 drivers
v0x1e09b70_0 .net "s_vn_valid", 0 0, L_0x1e15510;  1 drivers
v0x1e09c30_0 .net "s_xor", 0 0, L_0x1e15690;  1 drivers
v0x1e09de0_0 .net "s_xor_valid", 0 0, L_0x1e15790;  1 drivers
S_0x1e0a030 .scope module, "pe1" "ivn_pe" 4 162, 4 184 0, S_0x1e08790;
 .timescale -9 -12;
    .port_info 0 /INPUT 1 "clk"
    .port_info 1 /INPUT 1 "reset"
    .port_info 2 /INPUT 1 "s"
    .port_info 3 /INPUT 1 "s_valid"
    .port_info 4 /OUTPUT 1 "s_vn"
    .port_info 5 /OUTPUT 1 "s_vn_valid"
    .port_info 6 /OUTPUT 1 "s_xor"
    .port_info 7 /OUTPUT 1 "s_xor_valid"
    .port_info 8 /OUTPUT 1 "s_r"
    .port_info 9 /OUTPUT 1 "s_r_valid"
    .port_info 10 /OUTPUT 1 "s_store"
    .port_info 11 /OUTPUT 1 "s_valid_store"
L_0x1e15e50 .functor BUFZ 1, v0x1e0aa40_0, C4<0>, C4<0>, C4<0>;
L_0x1e15f20 .functor BUFZ 1, v0x1e0ac80_0, C4<0>, C4<0>, C4<0>;
L_0x1e15ff0 .functor BUFZ 1, v0x1e0aa40_0, C4<0>, C4<0>, C4<0>;
L_0x1e16090 .functor AND 1, v0x1e0ac80_0, L_0x1e16970, C4<1>, C4<1>;
L_0x1e16130 .functor XOR 1, v0x1e0aa40_0, L_0x1e16840, C4<0>, C4<0>;
L_0x1e16200 .functor AND 1, L_0x1e16090, L_0x1e16130, C4<1>, C4<1>;
L_0x1e16340 .functor XOR 1, v0x1e0aa40_0, L_0x1e16840, C4<0>, C4<0>;
L_0x1e16440 .functor AND 1, v0x1e0ac80_0, L_0x1e16970, C4<1>, C4<1>;
L_0x1e16550 .functor BUFZ 1, v0x1e0aa40_0, C4<0>, C4<0>, C4<0>;
L_0x1e165c0 .functor AND 1, v0x1e0ac80_0, L_0x1e16970, C4<1>, C4<1>;
L_0x1e166c0 .functor XNOR 1, v0x1e0aa40_0, L_0x1e16840, C4<0>, C4<0>;
L_0x1e16730 .functor AND 1, L_0x1e165c0, L_0x1e166c0, C4<1>, C4<1>;
v0x1e0a300_0 .net *"_s18", 0 0, L_0x1e165c0;  1 drivers
v0x1e0a3c0_0 .net *"_s20", 0 0, L_0x1e166c0;  1 drivers
v0x1e0a480_0 .net *"_s6", 0 0, L_0x1e16090;  1 drivers
v0x1e0a520_0 .net *"_s8", 0 0, L_0x1e16130;  1 drivers
v0x1e0a5e0_0 .net "clk", 0 0, v0x1e14240_0;  alias, 1 drivers
v0x1e0a6d0_0 .net "reset", 0 0, v0x1e147d0_0;  alias, 1 drivers
v0x1e0a770_0 .net "s", 0 0, L_0x1e16840;  1 drivers
v0x1e0a830_0 .net "s_r", 0 0, L_0x1e16550;  1 drivers
v0x1e0a8f0_0 .net "s_r_valid", 0 0, L_0x1e16730;  1 drivers
v0x1e0aa40_0 .var "s_reg", 0 0;
v0x1e0ab00_0 .net "s_store", 0 0, L_0x1e15e50;  1 drivers
v0x1e0abc0_0 .net "s_valid", 0 0, L_0x1e16970;  1 drivers
v0x1e0ac80_0 .var "s_valid_reg", 0 0;
v0x1e0ad40_0 .net "s_valid_store", 0 0, L_0x1e15f20;  1 drivers
v0x1e0ae00_0 .net "s_vn", 0 0, L_0x1e15ff0;  1 drivers
v0x1e0aec0_0 .net "s_vn_valid", 0 0, L_0x1e16200;  1 drivers
v0x1e0af80_0 .net "s_xor", 0 0, L_0x1e16340;  1 drivers
v0x1e0b130_0 .net "s_xor_valid", 0 0, L_0x1e16440;  1 drivers
S_0x1e0b380 .scope module, "pe2" "ivn_pe" 4 166, 4 184 0, S_0x1e08790;
 .timescale -9 -12;
    .port_info 0 /INPUT 1 "clk"
    .port_info 1 /INPUT 1 "reset"
    .port_info 2 /INPUT 1 "s"
    .port_info 3 /INPUT 1 "s_valid"
    .port_info 4 /OUTPUT 1 "s_vn"
    .port_info 5 /OUTPUT 1 "s_vn_valid"
    .port_info 6 /OUTPUT 1 "s_xor"
    .port_info 7 /OUTPUT 1 "s_xor_valid"
    .port_info 8 /OUTPUT 1 "s_r"
    .port_info 9 /OUTPUT 1 "s_r_valid"
    .port_info 10 /OUTPUT 1 "s_store"
    .port_info 11 /OUTPUT 1 "s_valid_store"
L_0x1e16aa0 .functor BUFZ 1, v0x1e0be90_0, C4<0>, C4<0>, C4<0>;
L_0x1e16b10 .functor BUFZ 1, v0x1e0c0d0_0, C4<0>, C4<0>, C4<0>;
L_0x1e16bb0 .functor BUFZ 1, v0x1e0be90_0, C4<0>, C4<0>, C4<0>;
L_0x1e16ca0 .functor AND 1, v0x1e0c0d0_0, L_0x1e175d0, C4<1>, C4<1>;
L_0x1e16d90 .functor XOR 1, v0x1e0be90_0, L_0x1e174a0, C4<0>, C4<0>;
L_0x1e16e60 .functor AND 1, L_0x1e16ca0, L_0x1e16d90, C4<1>, C4<1>;
L_0x1e16fa0 .functor XOR 1, v0x1e0be90_0, L_0x1e174a0, C4<0>, C4<0>;
L_0x1e170a0 .functor AND 1, v0x1e0c0d0_0, L_0x1e175d0, C4<1>, C4<1>;
L_0x1e171b0 .functor BUFZ 1, v0x1e0be90_0, C4<0>, C4<0>, C4<0>;
L_0x1e17220 .functor AND 1, v0x1e0c0d0_0, L_0x1e175d0, C4<1>, C4<1>;
L_0x1e17320 .functor XNOR 1, v0x1e0be90_0, L_0x1e174a0, C4<0>, C4<0>;
L_0x1e17390 .functor AND 1, L_0x1e17220, L_0x1e17320, C4<1>, C4<1>;
v0x1e0b630_0 .net *"_s18", 0 0, L_0x1e17220;  1 drivers
v0x1e0b6f0_0 .net *"_s20", 0 0, L_0x1e17320;  1 drivers
v0x1e0b7b0_0 .net *"_s6", 0 0, L_0x1e16ca0;  1 drivers
v0x1e0b850_0 .net *"_s8", 0 0, L_0x1e16d90;  1 drivers
v0x1e0b910_0 .net "clk", 0 0, v0x1e14240_0;  alias, 1 drivers
v0x1e0ba90_0 .net "reset", 0 0, v0x1e147d0_0;  alias, 1 drivers
v0x1e0bbc0_0 .net "s", 0 0, L_0x1e174a0;  1 drivers
v0x1e0bc80_0 .net "s_r", 0 0, L_0x1e171b0;  1 drivers
v0x1e0bd40_0 .net "s_r_valid", 0 0, L_0x1e17390;  1 drivers
v0x1e0be90_0 .var "s_reg", 0 0;
v0x1e0bf50_0 .net "s_store", 0 0, L_0x1e16aa0;  1 drivers
v0x1e0c010_0 .net "s_valid", 0 0, L_0x1e175d0;  1 drivers
v0x1e0c0d0_0 .var "s_valid_reg", 0 0;
v0x1e0c190_0 .net "s_valid_store", 0 0, L_0x1e16b10;  1 drivers
v0x1e0c250_0 .net "s_vn", 0 0, L_0x1e16bb0;  1 drivers
v0x1e0c310_0 .net "s_vn_valid", 0 0, L_0x1e16e60;  1 drivers
v0x1e0c3d0_0 .net "s_xor", 0 0, L_0x1e16fa0;  1 drivers
v0x1e0c580_0 .net "s_xor_valid", 0 0, L_0x1e170a0;  1 drivers
S_0x1e0c7d0 .scope module, "pe3" "ivn_pe" 4 170, 4 184 0, S_0x1e08790;
 .timescale -9 -12;
    .port_info 0 /INPUT 1 "clk"
    .port_info 1 /INPUT 1 "reset"
    .port_info 2 /INPUT 1 "s"
    .port_info 3 /INPUT 1 "s_valid"
    .port_info 4 /OUTPUT 1 "s_vn"
    .port_info 5 /OUTPUT 1 "s_vn_valid"
    .port_info 6 /OUTPUT 1 "s_xor"
    .port_info 7 /OUTPUT 1 "s_xor_valid"
    .port_info 8 /OUTPUT 1 "s_r"
    .port_info 9 /OUTPUT 1 "s_r_valid"
    .port_info 10 /OUTPUT 1 "s_store"
    .port_info 11 /OUTPUT 1 "s_valid_store"
L_0x1e17cf0 .functor BUFZ 1, v0x1e0d190_0, C4<0>, C4<0>, C4<0>;
L_0x1e17d60 .functor BUFZ 1, v0x1e0d3d0_0, C4<0>, C4<0>, C4<0>;
L_0x1e17dd0 .functor BUFZ 1, v0x1e0d190_0, C4<0>, C4<0>, C4<0>;
L_0x1e17e40 .functor AND 1, v0x1e0d3d0_0, L_0x1e18800, C4<1>, C4<1>;
L_0x1e17f00 .functor XOR 1, v0x1e0d190_0, L_0x1e18640, C4<0>, C4<0>;
L_0x1e17fa0 .functor AND 1, L_0x1e17e40, L_0x1e17f00, C4<1>, C4<1>;
L_0x1e180e0 .functor XOR 1, v0x1e0d190_0, L_0x1e18640, C4<0>, C4<0>;
L_0x1e181e0 .functor AND 1, v0x1e0d3d0_0, L_0x1e18800, C4<1>, C4<1>;
L_0x1e182f0 .functor BUFZ 1, v0x1e0d190_0, C4<0>, C4<0>, C4<0>;
L_0x1e18360 .functor AND 1, v0x1e0d3d0_0, L_0x1e18800, C4<1>, C4<1>;
L_0x1e184c0 .functor XNOR 1, v0x1e0d190_0, L_0x1e18640, C4<0>, C4<0>;
L_0x1e18530 .functor AND 1, L_0x1e18360, L_0x1e184c0, C4<1>, C4<1>;
v0x1e0ca80_0 .net *"_s18", 0 0, L_0x1e18360;  1 drivers
v0x1e0cb60_0 .net *"_s20", 0 0, L_0x1e184c0;  1 drivers
v0x1e0cc20_0 .net *"_s6", 0 0, L_0x1e17e40;  1 drivers
v0x1e0ccc0_0 .net *"_s8", 0 0, L_0x1e17f00;  1 drivers
v0x1e0cd80_0 .net "clk", 0 0, v0x1e14240_0;  alias, 1 drivers
v0x1e0ce20_0 .net "reset", 0 0, v0x1e147d0_0;  alias, 1 drivers
v0x1e0cec0_0 .net "s", 0 0, L_0x1e18640;  1 drivers
v0x1e0cf80_0 .net "s_r", 0 0, L_0x1e182f0;  1 drivers
v0x1e0d040_0 .net "s_r_valid", 0 0, L_0x1e18530;  1 drivers
v0x1e0d190_0 .var "s_reg", 0 0;
v0x1e0d250_0 .net "s_store", 0 0, L_0x1e17cf0;  1 drivers
v0x1e0d310_0 .net "s_valid", 0 0, L_0x1e18800;  1 drivers
v0x1e0d3d0_0 .var "s_valid_reg", 0 0;
v0x1e0d490_0 .net "s_valid_store", 0 0, L_0x1e17d60;  1 drivers
v0x1e0d550_0 .net "s_vn", 0 0, L_0x1e17dd0;  1 drivers
v0x1e0d610_0 .net "s_vn_valid", 0 0, L_0x1e17fa0;  1 drivers
v0x1e0d6d0_0 .net "s_xor", 0 0, L_0x1e180e0;  1 drivers
v0x1e0d880_0 .net "s_xor_valid", 0 0, L_0x1e181e0;  1 drivers
S_0x1e0dad0 .scope module, "pe4" "ivn_pe" 4 174, 4 184 0, S_0x1e08790;
 .timescale -9 -12;
    .port_info 0 /INPUT 1 "clk"
    .port_info 1 /INPUT 1 "reset"
    .port_info 2 /INPUT 1 "s"
    .port_info 3 /INPUT 1 "s_valid"
    .port_info 4 /OUTPUT 1 "s_vn"
    .port_info 5 /OUTPUT 1 "s_vn_valid"
    .port_info 6 /OUTPUT 1 "s_xor"
    .port_info 7 /OUTPUT 1 "s_xor_valid"
    .port_info 8 /OUTPUT 1 "s_r"
    .port_info 9 /OUTPUT 1 "s_r_valid"
    .port_info 10 /OUTPUT 1 "s_store"
    .port_info 11 /OUTPUT 1 "s_valid_store"
L_0x1e18a30 .functor BUFZ 1, v0x1e0e4e0_0, C4<0>, C4<0>, C4<0>;
L_0x1e18aa0 .functor BUFZ 1, v0x1e0e720_0, C4<0>, C4<0>, C4<0>;
L_0x1e18b70 .functor BUFZ 1, v0x1e0e4e0_0, C4<0>, C4<0>, C4<0>;
L_0x1e18c10 .functor AND 1, v0x1e0e720_0, L_0x1e19450, C4<1>, C4<1>;
L_0x1e18cb0 .functor XOR 1, v0x1e0e4e0_0, L_0x1e19320, C4<0>, C4<0>;
L_0x1e18d80 .functor AND 1, L_0x1e18c10, L_0x1e18cb0, C4<1>, C4<1>;
L_0x1e18e20 .functor XOR 1, v0x1e0e4e0_0, L_0x1e19320, C4<0>, C4<0>;
L_0x1e18f20 .functor AND 1, v0x1e0e720_0, L_0x1e19450, C4<1>, C4<1>;
L_0x1e19030 .functor BUFZ 1, v0x1e0e4e0_0, C4<0>, C4<0>, C4<0>;
L_0x1e190a0 .functor AND 1, v0x1e0e720_0, L_0x1e19450, C4<1>, C4<1>;
L_0x1e191a0 .functor XNOR 1, v0x1e0e4e0_0, L_0x1e19320, C4<0>, C4<0>;
L_0x1e19210 .functor AND 1, L_0x1e190a0, L_0x1e191a0, C4<1>, C4<1>;
v0x1e0dd80_0 .net *"_s18", 0 0, L_0x1e190a0;  1 drivers
v0x1e0de60_0 .net *"_s20", 0 0, L_0x1e191a0;  1 drivers
v0x1e0df20_0 .net *"_s6", 0 0, L_0x1e18c10;  1 drivers
v0x1e0dfc0_0 .net *"_s8", 0 0, L_0x1e18cb0;  1 drivers
v0x1e0e080_0 .net "clk", 0 0, v0x1e14240_0;  alias, 1 drivers
v0x1e0e170_0 .net "reset", 0 0, v0x1e147d0_0;  alias, 1 drivers
v0x1e0e210_0 .net "s", 0 0, L_0x1e19320;  1 drivers
v0x1e0e2d0_0 .net "s_r", 0 0, L_0x1e19030;  1 drivers
v0x1e0e390_0 .net "s_r_valid", 0 0, L_0x1e19210;  1 drivers
v0x1e0e4e0_0 .var "s_reg", 0 0;
v0x1e0e5a0_0 .net "s_store", 0 0, L_0x1e18a30;  1 drivers
v0x1e0e660_0 .net "s_valid", 0 0, L_0x1e19450;  1 drivers
v0x1e0e720_0 .var "s_valid_reg", 0 0;
v0x1e0e7e0_0 .net "s_valid_store", 0 0, L_0x1e18aa0;  1 drivers
v0x1e0e8a0_0 .net "s_vn", 0 0, L_0x1e18b70;  1 drivers
v0x1e0e960_0 .net "s_vn_valid", 0 0, L_0x1e18d80;  1 drivers
v0x1e0ea20_0 .net "s_xor", 0 0, L_0x1e18e20;  1 drivers
v0x1e0ebd0_0 .net "s_xor_valid", 0 0, L_0x1e18f20;  1 drivers
S_0x1e0ee20 .scope module, "pe5" "ivn_pe" 4 178, 4 184 0, S_0x1e08790;
 .timescale -9 -12;
    .port_info 0 /INPUT 1 "clk"
    .port_info 1 /INPUT 1 "reset"
    .port_info 2 /INPUT 1 "s"
    .port_info 3 /INPUT 1 "s_valid"
    .port_info 4 /OUTPUT 1 "s_vn"
    .port_info 5 /OUTPUT 1 "s_vn_valid"
    .port_info 6 /OUTPUT 1 "s_xor"
    .port_info 7 /OUTPUT 1 "s_xor_valid"
    .port_info 8 /OUTPUT 1 "s_r"
    .port_info 9 /OUTPUT 1 "s_r_valid"
    .port_info 10 /OUTPUT 1 "s_store"
    .port_info 11 /OUTPUT 1 "s_valid_store"
L_0x1e189c0 .functor BUFZ 1, v0x1e0f830_0, C4<0>, C4<0>, C4<0>;
L_0x1e19600 .functor BUFZ 1, v0x1e0fa70_0, C4<0>, C4<0>, C4<0>;
L_0x1e196d0 .functor BUFZ 1, v0x1e0f830_0, C4<0>, C4<0>, C4<0>;
L_0x1e19770 .functor AND 1, v0x1e0fa70_0, L_0x1e1a050, C4<1>, C4<1>;
L_0x1e19810 .functor XOR 1, v0x1e0f830_0, L_0x1e19f20, C4<0>, C4<0>;
L_0x1e198e0 .functor AND 1, L_0x1e19770, L_0x1e19810, C4<1>, C4<1>;
L_0x1e19a20 .functor XOR 1, v0x1e0f830_0, L_0x1e19f20, C4<0>, C4<0>;
L_0x1e19b20 .functor AND 1, v0x1e0fa70_0, L_0x1e1a050, C4<1>, C4<1>;
L_0x1e19c30 .functor BUFZ 1, v0x1e0f830_0, C4<0>, C4<0>, C4<0>;
L_0x1e19ca0 .functor AND 1, v0x1e0fa70_0, L_0x1e1a050, C4<1>, C4<1>;
L_0x1e19da0 .functor XNOR 1, v0x1e0f830_0, L_0x1e19f20, C4<0>, C4<0>;
L_0x1e19e10 .functor AND 1, L_0x1e19ca0, L_0x1e19da0, C4<1>, C4<1>;
v0x1e0f0d0_0 .net *"_s18", 0 0, L_0x1e19ca0;  1 drivers
v0x1e0f1b0_0 .net *"_s20", 0 0, L_0x1e19da0;  1 drivers
v0x1e0f270_0 .net *"_s6", 0 0, L_0x1e19770;  1 drivers
v0x1e0f310_0 .net *"_s8", 0 0, L_0x1e19810;  1 drivers
v0x1e0f3d0_0 .net "clk", 0 0, v0x1e14240_0;  alias, 1 drivers
v0x1e0f4c0_0 .net "reset", 0 0, v0x1e147d0_0;  alias, 1 drivers
v0x1e0f560_0 .net "s", 0 0, L_0x1e19f20;  1 drivers
v0x1e0f620_0 .net "s_r", 0 0, L_0x1e19c30;  1 drivers
v0x1e0f6e0_0 .net "s_r_valid", 0 0, L_0x1e19e10;  1 drivers
v0x1e0f830_0 .var "s_reg", 0 0;
v0x1e0f8f0_0 .net "s_store", 0 0, L_0x1e189c0;  1 drivers
v0x1e0f9b0_0 .net "s_valid", 0 0, L_0x1e1a050;  1 drivers
v0x1e0fa70_0 .var "s_valid_reg", 0 0;
v0x1e0fb30_0 .net "s_valid_store", 0 0, L_0x1e19600;  1 drivers
v0x1e0fbf0_0 .net "s_vn", 0 0, L_0x1e196d0;  1 drivers
v0x1e0fcb0_0 .net "s_vn_valid", 0 0, L_0x1e198e0;  1 drivers
v0x1e0fd70_0 .net "s_xor", 0 0, L_0x1e19a20;  1 drivers
v0x1e0ff20_0 .net "s_xor_valid", 0 0, L_0x1e19b20;  1 drivers
S_0x1e122c0 .scope module, "lfsr" "lfsr16" 3 44, 3 161 0, S_0x1ddccc0;
 .timescale -9 -12;
    .port_info 0 /INPUT 1 "clk"
    .port_info 1 /INPUT 1 "reset"
    .port_info 2 /INPUT 16 "in_bits"
    .port_info 3 /OUTPUT 1 "out_bit"
L_0x1e2b8b0 .functor XOR 1, L_0x1e2b770, L_0x1e2b810, C4<0>, C4<0>;
L_0x1e2baf0 .functor XOR 1, L_0x1e2b8b0, L_0x1e2b9c0, C4<0>, C4<0>;
L_0x1e2bc50 .functor XOR 1, L_0x1e2baf0, L_0x1e2bbb0, C4<0>, C4<0>;
v0x1e12490_0 .net *"_s10", 0 0, L_0x1e2baf0;  1 drivers
v0x1e12570_0 .net *"_s13", 0 0, L_0x1e2bbb0;  1 drivers
v0x1e12650_0 .net *"_s3", 0 0, L_0x1e2b770;  1 drivers
v0x1e12710_0 .net *"_s5", 0 0, L_0x1e2b810;  1 drivers
v0x1e127f0_0 .net *"_s6", 0 0, L_0x1e2b8b0;  1 drivers
v0x1e12920_0 .net *"_s9", 0 0, L_0x1e2b9c0;  1 drivers
v0x1e12a00_0 .net "clk", 0 0, v0x1e14240_0;  alias, 1 drivers
v0x1e12aa0_0 .net "in_bits", 15 0, L_0x1e2bdd0;  1 drivers
v0x1e12b80_0 .net "out_bit", 0 0, L_0x1e2b6d0;  alias, 1 drivers
v0x1e12cd0_0 .var "register", 15 0;
v0x1e12db0_0 .net "reset", 0 0, L_0x1e2bd60;  1 drivers
v0x1e12e70_0 .net "xor_bit", 0 0, L_0x1e2bc50;  1 drivers
L_0x1e2b6d0 .part v0x1e12cd0_0, 0, 1;
L_0x1e2b770 .part v0x1e12cd0_0, 15, 1;
L_0x1e2b810 .part v0x1e12cd0_0, 13, 1;
L_0x1e2b9c0 .part v0x1e12cd0_0, 12, 1;
L_0x1e2bbb0 .part v0x1e12cd0_0, 10, 1;
S_0x1e12fb0 .scope module, "router" "markov16" 3 12, 3 63 0, S_0x1ddccc0;
 .timescale -9 -12;
    .port_info 0 /INPUT 1 "clk"
    .port_info 1 /INPUT 1 "reset"
    .port_info 2 /INPUT 1 "bit_in"
    .port_info 3 /OUTPUT 4 "lane"
    .port_info 4 /OUTPUT 1 "bit_out"
L_0x1e149c0 .functor BUFZ 1, v0x1e14560_0, C4<0>, C4<0>, C4<0>;
L_0x1e14a50 .functor BUFZ 4, v0x1e13660_0, C4<0000>, C4<0000>, C4<0000>;
v0x1e131b0_0 .net "bit_in", 0 0, v0x1e14560_0;  alias, 1 drivers
v0x1e132a0_0 .net "bit_out", 0 0, L_0x1e149c0;  1 drivers
v0x1e13340_0 .net "clk", 0 0, v0x1e14240_0;  alias, 1 drivers
v0x1e133e0_0 .net "lane", 3 0, L_0x1e14a50;  alias, 1 drivers
v0x1e134b0_0 .var "next_state", 3 0;
v0x1e135c0_0 .net "reset", 0 0, v0x1e147d0_0;  alias, 1 drivers
v0x1e13660_0 .var "state", 3 0;
E_0x1de1550 .event edge, v0x1e13660_0, v0x1e10590_0;
    .scope S_0x1e12fb0;
T_0 ;
    %wait E_0x1de1550;
    %load/vec4 v0x1e13660_0;
    %parti/s 3, 0, 2;
    %load/vec4 v0x1e131b0_0;
    %concat/vec4; draw_concat_vec4
    %store/vec4 v0x1e134b0_0, 0, 4;
    %jmp T_0;
    .thread T_0, $push;
    .scope S_0x1e12fb0;
T_1 ;
    %wait E_0x1dc7ed0;
    %load/vec4 v0x1e135c0_0;
    %flag_set/vec4 8;
    %jmp/0xz  T_1.0, 8;
    %pushi/vec4 0, 0, 4;
    %assign/vec4 v0x1e13660_0, 0;
    %pushi/vec4 0, 0, 4;
    %assign/vec4 v0x1e134b0_0, 0;
    %jmp T_1.1;
T_1.0 ;
    %load/vec4 v0x1e134b0_0;
    %assign/vec4 v0x1e13660_0, 0;
T_1.1 ;
    %jmp T_1;
    .thread T_1;
    .scope S_0x1e07650;
T_2 ;
    %wait E_0x1dc7ed0;
    %load/vec4 v0x1e081a0_0;
    %flag_set/vec4 8;
    %jmp/0xz  T_2.0, 8;
    %pushi/vec4 0, 0, 12;
    %ix/load 3, 0, 0;
    %flag_set/imm 4, 0;
    %ix/load 4, 0, 0; Constant delay
    %assign/vec4/a/d v0x1e08050, 0, 4;
    %pushi/vec4 0, 0, 12;
    %ix/load 3, 1, 0;
    %flag_set/imm 4, 0;
    %ix/load 4, 0, 0; Constant delay
    %assign/vec4/a/d v0x1e08050, 0, 4;
    %pushi/vec4 0, 0, 12;
    %ix/load 3, 2, 0;
    %flag_set/imm 4, 0;
    %ix/load 4, 0, 0; Constant delay
    %assign/vec4/a/d v0x1e08050, 0, 4;
    %pushi/vec4 0, 0, 12;
    %ix/load 3, 3, 0;
    %flag_set/imm 4, 0;
    %ix/load 4, 0, 0; Constant delay
    %assign/vec4/a/d v0x1e08050, 0, 4;
    %pushi/vec4 0, 0, 12;
    %ix/load 3, 4, 0;
    %flag_set/imm 4, 0;
    %ix/load 4, 0, 0; Constant delay
    %assign/vec4/a/d v0x1e08050, 0, 4;
    %pushi/vec4 0, 0, 12;
    %ix/load 3, 5, 0;
    %flag_set/imm 4, 0;
    %ix/load 4, 0, 0; Constant delay
    %assign/vec4/a/d v0x1e08050, 0, 4;
    %pushi/vec4 0, 0, 12;
    %ix/load 3, 6, 0;
    %flag_set/imm 4, 0;
    %ix/load 4, 0, 0; Constant delay
    %assign/vec4/a/d v0x1e08050, 0, 4;
    %pushi/vec4 0, 0, 12;
    %ix/load 3, 7, 0;
    %flag_set/imm 4, 0;
    %ix/load 4, 0, 0; Constant delay
    %assign/vec4/a/d v0x1e08050, 0, 4;
    %pushi/vec4 0, 0, 12;
    %ix/load 3, 8, 0;
    %flag_set/imm 4, 0;
    %ix/load 4, 0, 0; Constant delay
    %assign/vec4/a/d v0x1e08050, 0, 4;
    %pushi/vec4 0, 0, 12;
    %ix/load 3, 9, 0;
    %flag_set/imm 4, 0;
    %ix/load 4, 0, 0; Constant delay
    %assign/vec4/a/d v0x1e08050, 0, 4;
    %pushi/vec4 0, 0, 12;
    %ix/load 3, 10, 0;
    %flag_set/imm 4, 0;
    %ix/load 4, 0, 0; Constant delay
    %assign/vec4/a/d v0x1e08050, 0, 4;
    %pushi/vec4 0, 0, 12;
    %ix/load 3, 11, 0;
    %flag_set/imm 4, 0;
    %ix/load 4, 0, 0; Constant delay
    %assign/vec4/a/d v0x1e08050, 0, 4;
    %pushi/vec4 0, 0, 12;
    %ix/load 3, 12, 0;
    %flag_set/imm 4, 0;
    %ix/load 4, 0, 0; Constant delay
    %assign/vec4/a/d v0x1e08050, 0, 4;
    %pushi/vec4 0, 0, 12;
    %ix/load 3, 13, 0;
    %flag_set/imm 4, 0;
    %ix/load 4, 0, 0; Constant delay
    %assign/vec4/a/d v0x1e08050, 0, 4;
    %pushi/vec4 0, 0, 12;
    %ix/load 3, 14, 0;
    %flag_set/imm 4, 0;
    %ix/load 4, 0, 0; Constant delay
    %assign/vec4/a/d v0x1e08050, 0, 4;
    %pushi/vec4 0, 0, 12;
    %ix/load 3, 15, 0;
    %flag_set/imm 4, 0;
    %ix/load 4, 0, 0; Constant delay
    %assign/vec4/a/d v0x1e08050, 0, 4;
T_2.0 ;
    %load/vec4 v0x1e085d0_0;
    %flag_set/vec4 8;
    %jmp/0xz  T_2.2, 8;
    %load/vec4 v0x1e08330_0;
    %load/vec4 v0x1e07f90_0;
    %pad/u 6;
    %ix/vec4 3;
    %ix/load 4, 0, 0; Constant delay
    %assign/vec4/a/d v0x1e08050, 0, 4;
    %load/vec4 v0x1e084f0_0;
    %load/vec4 v0x1e07f90_0;
    %pad/u 6;
    %ix/vec4 3;
    %ix/load 4, 6, 0; part off
    %ix/load 5, 0, 0; Constant delay
    %assign/vec4/a/d v0x1e08050, 4, 5;
T_2.2 ;
    %jmp T_2;
    .thread T_2;
    .scope S_0x1e08b30;
T_3 ;
    %wait E_0x1dc7ed0;
    %load/vec4 v0x1e09330_0;
    %flag_set/vec4 8;
    %jmp/0xz  T_3.0, 8;
    %pushi/vec4 0, 0, 1;
    %assign/vec4 v0x1e096f0_0, 0;
    %pushi/vec4 0, 0, 1;
    %assign/vec4 v0x1e09930_0, 0;
    %jmp T_3.1;
T_3.0 ;
    %load/vec4 v0x1e09420_0;
    %assign/vec4 v0x1e096f0_0, 0;
    %load/vec4 v0x1e09870_0;
    %assign/vec4 v0x1e09930_0, 0;
T_3.1 ;
    %jmp T_3;
    .thread T_3;
    .scope S_0x1e0a030;
T_4 ;
    %wait E_0x1dc7ed0;
    %load/vec4 v0x1e0a6d0_0;
    %flag_set/vec4 8;
    %jmp/0xz  T_4.0, 8;
    %pushi/vec4 0, 0, 1;
    %assign/vec4 v0x1e0aa40_0, 0;
    %pushi/vec4 0, 0, 1;
    %assign/vec4 v0x1e0ac80_0, 0;
    %jmp T_4.1;
T_4.0 ;
    %load/vec4 v0x1e0a770_0;
    %assign/vec4 v0x1e0aa40_0, 0;
    %load/vec4 v0x1e0abc0_0;
    %assign/vec4 v0x1e0ac80_0, 0;
T_4.1 ;
    %jmp T_4;
    .thread T_4;
    .scope S_0x1e0b380;
T_5 ;
    %wait E_0x1dc7ed0;
    %load/vec4 v0x1e0ba90_0;
    %flag_set/vec4 8;
    %jmp/0xz  T_5.0, 8;
    %pushi/vec4 0, 0, 1;
    %assign/vec4 v0x1e0be90_0, 0;
    %pushi/vec4 0, 0, 1;
    %assign/vec4 v0x1e0c0d0_0, 0;
    %jmp T_5.1;
T_5.0 ;
    %load/vec4 v0x1e0bbc0_0;
    %assign/vec4 v0x1e0be90_0, 0;
    %load/vec4 v0x1e0c010_0;
    %assign/vec4 v0x1e0c0d0_0, 0;
T_5.1 ;
    %jmp T_5;
    .thread T_5;
    .scope S_0x1e0c7d0;
T_6 ;
    %wait E_0x1dc7ed0;
    %load/vec4 v0x1e0ce20_0;
    %flag_set/vec4 8;
    %jmp/0xz  T_6.0, 8;
    %pushi/vec4 0, 0, 1;
    %assign/vec4 v0x1e0d190_0, 0;
    %pushi/vec4 0, 0, 1;
    %assign/vec4 v0x1e0d3d0_0, 0;
    %jmp T_6.1;
T_6.0 ;
    %load/vec4 v0x1e0cec0_0;
    %assign/vec4 v0x1e0d190_0, 0;
    %load/vec4 v0x1e0d310_0;
    %assign/vec4 v0x1e0d3d0_0, 0;
T_6.1 ;
    %jmp T_6;
    .thread T_6;
    .scope S_0x1e0dad0;
T_7 ;
    %wait E_0x1dc7ed0;
    %load/vec4 v0x1e0e170_0;
    %flag_set/vec4 8;
    %jmp/0xz  T_7.0, 8;
    %pushi/vec4 0, 0, 1;
    %assign/vec4 v0x1e0e4e0_0, 0;
    %pushi/vec4 0, 0, 1;
    %assign/vec4 v0x1e0e720_0, 0;
    %jmp T_7.1;
T_7.0 ;
    %load/vec4 v0x1e0e210_0;
    %assign/vec4 v0x1e0e4e0_0, 0;
    %load/vec4 v0x1e0e660_0;
    %assign/vec4 v0x1e0e720_0, 0;
T_7.1 ;
    %jmp T_7;
    .thread T_7;
    .scope S_0x1e0ee20;
T_8 ;
    %wait E_0x1dc7ed0;
    %load/vec4 v0x1e0f4c0_0;
    %flag_set/vec4 8;
    %jmp/0xz  T_8.0, 8;
    %pushi/vec4 0, 0, 1;
    %assign/vec4 v0x1e0f830_0, 0;
    %pushi/vec4 0, 0, 1;
    %assign/vec4 v0x1e0fa70_0, 0;
    %jmp T_8.1;
T_8.0 ;
    %load/vec4 v0x1e0f560_0;
    %assign/vec4 v0x1e0f830_0, 0;
    %load/vec4 v0x1e0f9b0_0;
    %assign/vec4 v0x1e0fa70_0, 0;
T_8.1 ;
    %jmp T_8;
    .thread T_8;
    .scope S_0x1e08790;
T_9 ;
    %wait E_0x1e08aa0;
    %load/vec4 v0x1e10340_0;
    %flag_set/vec4 8;
    %jmp/0xz  T_9.0, 8;
    %load/vec4 v0x1e106d0_0;
    %store/vec4 v0x1e10630_0, 0, 6;
    %load/vec4 v0x1e10b60_0;
    %store/vec4 v0x1e10a80_0, 0, 6;
    %jmp T_9.1;
T_9.0 ;
    %load/vec4 v0x1e10590_0;
    %ix/load 4, 0, 0;
    %flag_set/imm 4, 0;
    %store/vec4 v0x1e10630_0, 4, 1;
    %load/vec4 v0x1e109e0_0;
    %ix/load 4, 0, 0;
    %flag_set/imm 4, 0;
    %store/vec4 v0x1e10a80_0, 4, 1;
    %load/vec4 v0x1e10e90_0;
    %parti/s 1, 0, 2;
    %ix/load 4, 1, 0;
    %flag_set/imm 4, 0;
    %store/vec4 v0x1e10630_0, 4, 1;
    %load/vec4 v0x1e10f50_0;
    %parti/s 1, 0, 2;
    %ix/load 4, 1, 0;
    %flag_set/imm 4, 0;
    %store/vec4 v0x1e10a80_0, 4, 1;
    %load/vec4 v0x1e10770_0;
    %parti/s 1, 0, 2;
    %ix/load 4, 2, 0;
    %flag_set/imm 4, 0;
    %store/vec4 v0x1e10630_0, 4, 1;
    %load/vec4 v0x1e10810_0;
    %parti/s 1, 0, 2;
    %ix/load 4, 2, 0;
    %flag_set/imm 4, 0;
    %store/vec4 v0x1e10a80_0, 4, 1;
    %load/vec4 v0x1e10e90_0;
    %parti/s 1, 1, 2;
    %ix/load 4, 3, 0;
    %flag_set/imm 4, 0;
    %store/vec4 v0x1e10630_0, 4, 1;
    %load/vec4 v0x1e10f50_0;
    %parti/s 1, 1, 2;
    %ix/load 4, 3, 0;
    %flag_set/imm 4, 0;
    %store/vec4 v0x1e10a80_0, 4, 1;
    %load/vec4 v0x1e10770_0;
    %parti/s 1, 1, 2;
    %ix/load 4, 4, 0;
    %flag_set/imm 4, 0;
    %store/vec4 v0x1e10630_0, 4, 1;
    %load/vec4 v0x1e10810_0;
    %parti/s 1, 1, 2;
    %ix/load 4, 4, 0;
    %flag_set/imm 4, 0;
    %store/vec4 v0x1e10a80_0, 4, 1;
    %load/vec4 v0x1e10e90_0;
    %parti/s 1, 2, 3;
    %ix/load 4, 5, 0;
    %flag_set/imm 4, 0;
    %store/vec4 v0x1e10630_0, 4, 1;
    %load/vec4 v0x1e10f50_0;
    %parti/s 1, 2, 3;
    %ix/load 4, 5, 0;
    %flag_set/imm 4, 0;
    %store/vec4 v0x1e10a80_0, 4, 1;
T_9.1 ;
    %jmp T_9;
    .thread T_9, $push;
    .scope S_0x1e07180;
T_10 ;
    %wait E_0x1e075f0;
    %load/vec4 v0x1e11fb0_0;
    %dup/vec4;
    %pushi/vec4 0, 0, 2;
    %cmp/u;
    %jmp/1 T_10.0, 6;
    %dup/vec4;
    %pushi/vec4 1, 0, 2;
    %cmp/u;
    %jmp/1 T_10.1, 6;
    %dup/vec4;
    %pushi/vec4 2, 0, 2;
    %cmp/u;
    %jmp/1 T_10.2, 6;
    %jmp T_10.3;
T_10.0 ;
    %pushi/vec4 0, 0, 1;
    %store/vec4 v0x1e12090_0, 0, 1;
    %pushi/vec4 0, 0, 1;
    %store/vec4 v0x1e11510_0, 0, 1;
    %load/vec4 v0x1e11340_0;
    %load/vec4 v0x1e11420_0;
    %cmp/ne;
    %jmp/0xz  T_10.4, 4;
    %pushi/vec4 1, 0, 2;
    %store/vec4 v0x1e115e0_0, 0, 2;
    %jmp T_10.5;
T_10.4 ;
    %pushi/vec4 0, 0, 2;
    %store/vec4 v0x1e115e0_0, 0, 2;
T_10.5 ;
    %jmp T_10.3;
T_10.1 ;
    %load/vec4 v0x1e11340_0;
    %store/vec4 v0x1e116a0_0, 0, 4;
    %pushi/vec4 1, 0, 1;
    %store/vec4 v0x1e12090_0, 0, 1;
    %pushi/vec4 0, 0, 1;
    %store/vec4 v0x1e11510_0, 0, 1;
    %pushi/vec4 2, 0, 2;
    %store/vec4 v0x1e115e0_0, 0, 2;
    %jmp T_10.3;
T_10.2 ;
    %load/vec4 v0x1e11420_0;
    %store/vec4 v0x1e116a0_0, 0, 4;
    %pushi/vec4 0, 0, 1;
    %store/vec4 v0x1e12090_0, 0, 1;
    %pushi/vec4 1, 0, 1;
    %store/vec4 v0x1e11510_0, 0, 1;
    %pushi/vec4 0, 0, 2;
    %store/vec4 v0x1e115e0_0, 0, 2;
    %jmp T_10.3;
T_10.3 ;
    %pop/vec4 1;
    %jmp T_10;
    .thread T_10, $push;
    .scope S_0x1e07180;
T_11 ;
    %wait E_0x1dc7ed0;
    %load/vec4 v0x1e11760_0;
    %flag_set/vec4 8;
    %jmp/0xz  T_11.0, 8;
    %pushi/vec4 0, 0, 2;
    %assign/vec4 v0x1e11fb0_0, 0;
    %pushi/vec4 0, 0, 4;
    %assign/vec4 v0x1e11340_0, 0;
    %jmp T_11.1;
T_11.0 ;
    %load/vec4 v0x1e115e0_0;
    %assign/vec4 v0x1e11fb0_0, 0;
    %load/vec4 v0x1e11fb0_0;
    %cmpi/e 2, 0, 2;
    %jmp/0xz  T_11.2, 4;
    %load/vec4 v0x1e11420_0;
    %assign/vec4 v0x1e11340_0, 0;
T_11.2 ;
T_11.1 ;
    %jmp T_11;
    .thread T_11;
    .scope S_0x1dd8070;
T_12 ;
    %wait E_0x1dd2020;
    %pushi/vec4 0, 0, 3;
    %store/vec4 v0x1e066d0_0, 0, 3;
    %pushi/vec4 0, 0, 6;
    %store/vec4 v0x1e06e00_0, 0, 6;
    %pushi/vec4 0, 0, 32;
    %store/vec4 v0x1e06510_0, 0, 32;
T_12.0 ;
    %load/vec4 v0x1e06510_0;
    %cmpi/s 6, 0, 32;
    %jmp/0xz T_12.1, 5;
    %load/vec4 v0x1e066d0_0;
    %load/vec4 v0x1e06d20_0;
    %load/vec4 v0x1e06510_0;
    %part/s 1;
    %pad/u 3;
    %add;
    %store/vec4 v0x1e066d0_0, 0, 3;
    %load/vec4 v0x1e06d20_0;
    %load/vec4 v0x1e06510_0;
    %part/s 1;
    %flag_set/vec4 8;
    %jmp/0 T_12.2, 8;
    %load/vec4 v0x1e05f60_0;
    %load/vec4 v0x1e06510_0;
    %part/s 1;
    %jmp/1 T_12.3, 8;
T_12.2 ; End of true expr.
    %load/vec4 v0x1e06e00_0;
    %load/vec4 v0x1e066d0_0;
    %pad/u 32;
    %subi 1, 0, 32;
    %part/u 1;
    %jmp/0 T_12.3, 8;
 ; End of false expr.
    %blend;
T_12.3;
    %load/vec4 v0x1e066d0_0;
    %pad/u 32;
    %subi 1, 0, 32;
    %ix/vec4 4;
    %store/vec4 v0x1e06e00_0, 4, 1;
    %load/vec4 v0x1e06510_0;
    %addi 1, 0, 32;
    %store/vec4 v0x1e06510_0, 0, 32;
    %jmp T_12.0;
T_12.1 ;
    %pushi/vec4 6, 0, 4;
    %load/vec4 v0x1e066d0_0;
    %pad/u 4;
    %sub;
    %pad/u 3;
    %store/vec4 v0x1e067b0_0, 0, 3;
    %pushi/vec4 0, 0, 6;
    %load/vec4 v0x1e06e00_0;
    %concat/vec4; draw_concat_vec4
    %store/vec4 v0x1e06ee0_0, 0, 12;
    %jmp T_12;
    .thread T_12, $push;
    .scope S_0x1dd8070;
T_13 ;
    %wait E_0x1dc7ed0;
    %load/vec4 v0x1e06c60_0;
    %pad/u 32;
    %cmpi/e 1, 0, 32;
    %jmp/0xz  T_13.0, 4;
    %pushi/vec4 0, 0, 5;
    %assign/vec4 v0x1e06190_0, 0;
    %pushi/vec4 0, 0, 21;
    %assign/vec4 v0x1e06b80_0, 0;
    %pushi/vec4 0, 0, 1;
    %assign/vec4 v0x1e06ac0_0, 0;
    %jmp T_13.1;
T_13.0 ;
    %pushi/vec4 15, 0, 32;
    %load/vec4 v0x1e06350_0;
    %pad/u 32;
    %cmp/u;
    %flag_or 5, 4;
    %jmp/0xz  T_13.2, 5;
    %load/vec4 v0x1e06d20_0;
    %or/r;
    %flag_set/vec4 8;
    %jmp/0 T_13.4, 8;
    %load/vec4 v0x1e06350_0;
    %load/vec4 v0x1e066d0_0;
    %pad/u 5;
    %add;
    %subi 15, 0, 5;
    %jmp/1 T_13.5, 8;
T_13.4 ; End of true expr.
    %load/vec4 v0x1e06350_0;
    %subi 15, 0, 5;
    %jmp/0 T_13.5, 8;
 ; End of false expr.
    %blend;
T_13.5;
    %assign/vec4 v0x1e06190_0, 0;
    %pushi/vec4 15, 0, 32;
    %store/vec4 v0x1e06430_0, 0, 32;
T_13.6 ;
    %load/vec4 v0x1e06430_0;
    %cmpi/s 20, 0, 32;
    %jmp/0xz T_13.7, 5;
    %load/vec4 v0x1e06b80_0;
    %load/vec4 v0x1e06430_0;
    %addi 1, 0, 32;
    %part/s 1;
    %ix/load 5, 0, 0;
    %load/vec4 v0x1e06430_0;
    %subi 15, 0, 32;
    %ix/vec4/s 4;
    %assign/vec4/off/d v0x1e06b80_0, 4, 5;
    %load/vec4 v0x1e06430_0;
    %addi 1, 0, 32;
    %store/vec4 v0x1e06430_0, 0, 32;
    %jmp T_13.6;
T_13.7 ;
    %pushi/vec4 0, 0, 32;
    %store/vec4 v0x1e065f0_0, 0, 32;
T_13.8 ;
    %load/vec4 v0x1e065f0_0;
    %load/vec4 v0x1e066d0_0;
    %pad/u 32;
    %cmp/u;
    %jmp/0xz T_13.9, 5;
    %load/vec4 v0x1e06ee0_0;
    %load/vec4 v0x1e065f0_0;
    %part/s 1;
    %ix/load 5, 0, 0;
    %load/vec4 v0x1e06350_0;
    %pad/u 32;
    %subi 15, 0, 32;
    %load/vec4 v0x1e065f0_0;
    %add;
    %ix/vec4 4;
    %assign/vec4/off/d v0x1e06b80_0, 4, 5;
    %load/vec4 v0x1e065f0_0;
    %addi 1, 0, 32;
    %store/vec4 v0x1e065f0_0, 0, 32;
    %jmp T_13.8;
T_13.9 ;
    %load/vec4 v0x1e06350_0;
    %pad/u 32;
    %load/vec4 v0x1e066d0_0;
    %pad/u 32;
    %add;
    %subi 15, 0, 32;
    %store/vec4 v0x1e065f0_0, 0, 32;
T_13.10 ;
    %load/vec4 v0x1e065f0_0;
    %cmpi/s 21, 0, 32;
    %jmp/0xz T_13.11, 5;
    %pushi/vec4 0, 0, 1;
    %ix/load 5, 0, 0;
    %ix/getv/s 4, v0x1e065f0_0;
    %assign/vec4/off/d v0x1e06b80_0, 4, 5;
    %load/vec4 v0x1e065f0_0;
    %addi 1, 0, 32;
    %store/vec4 v0x1e065f0_0, 0, 32;
    %jmp T_13.10;
T_13.11 ;
    %pushi/vec4 0, 0, 1;
    %assign/vec4 v0x1e06ac0_0, 0;
    %jmp T_13.3;
T_13.2 ;
    %pushi/vec4 0, 0, 32;
    %store/vec4 v0x1e065f0_0, 0, 32;
T_13.12 ;
    %load/vec4 v0x1e065f0_0;
    %load/vec4 v0x1e066d0_0;
    %pad/u 32;
    %cmp/u;
    %jmp/0xz T_13.13, 5;
    %load/vec4 v0x1e06ee0_0;
    %load/vec4 v0x1e065f0_0;
    %part/s 1;
    %ix/load 5, 0, 0;
    %load/vec4 v0x1e06350_0;
    %pad/u 32;
    %load/vec4 v0x1e065f0_0;
    %add;
    %ix/vec4 4;
    %assign/vec4/off/d v0x1e06b80_0, 4, 5;
    %load/vec4 v0x1e065f0_0;
    %addi 1, 0, 32;
    %store/vec4 v0x1e065f0_0, 0, 32;
    %jmp T_13.12;
T_13.13 ;
    %load/vec4 v0x1e06d20_0;
    %or/r;
    %flag_set/vec4 8;
    %jmp/0 T_13.14, 8;
    %load/vec4 v0x1e06350_0;
    %load/vec4 v0x1e066d0_0;
    %pad/u 5;
    %add;
    %jmp/1 T_13.15, 8;
T_13.14 ; End of true expr.
    %load/vec4 v0x1e06190_0;
    %jmp/0 T_13.15, 8;
 ; End of false expr.
    %blend;
T_13.15;
    %assign/vec4 v0x1e06190_0, 0;
    %load/vec4 v0x1e06d20_0;
    %or/r;
    %pushi/vec4 15, 0, 32;
    %load/vec4 v0x1e06350_0;
    %pad/u 32;
    %load/vec4 v0x1e066d0_0;
    %pad/u 32;
    %add;
    %cmp/u;
    %flag_get/vec4 5;
    %and;
    %flag_set/vec4 8;
    %jmp/0 T_13.16, 8;
    %pushi/vec4 1, 0, 2;
    %jmp/1 T_13.17, 8;
T_13.16 ; End of true expr.
    %pushi/vec4 0, 0, 2;
    %jmp/0 T_13.17, 8;
 ; End of false expr.
    %blend;
T_13.17;
    %pad/s 1;
    %assign/vec4 v0x1e06ac0_0, 0;
T_13.3 ;
T_13.1 ;
    %jmp T_13;
    .thread T_13;
    .scope S_0x1e122c0;
T_14 ;
    %wait E_0x1dc7ed0;
    %load/vec4 v0x1e12db0_0;
    %flag_set/vec4 8;
    %jmp/0xz  T_14.0, 8;
    %load/vec4 v0x1e12aa0_0;
    %assign/vec4 v0x1e12cd0_0, 0;
    %jmp T_14.1;
T_14.0 ;
    %load/vec4 v0x1e12cd0_0;
    %parti/s 15, 1, 2;
    %load/vec4 v0x1e12e70_0;
    %concat/vec4; draw_concat_vec4
    %assign/vec4 v0x1e12cd0_0, 0;
T_14.1 ;
    %jmp T_14;
    .thread T_14;
    .scope S_0x1ddccc0;
T_15 ;
    %wait E_0x1dc7ed0;
    %load/vec4 v0x1e139c0_0;
    %assign/vec4 v0x1e140e0_0, 0;
    %jmp T_15;
    .thread T_15;
    .scope S_0x1def250;
T_16 ;
    %pushi/vec4 0, 0, 1;
    %store/vec4 v0x1e14240_0, 0, 1;
    %end;
    .thread T_16;
    .scope S_0x1def250;
T_17 ;
    %pushi/vec4 0, 0, 1;
    %store/vec4 v0x1e147d0_0, 0, 1;
    %end;
    .thread T_17;
    .scope S_0x1def250;
T_18 ;
    %delay 10000, 0;
    %load/vec4 v0x1e14240_0;
    %inv;
    %assign/vec4 v0x1e14240_0, 0;
    %jmp T_18;
    .thread T_18;
    .scope S_0x1def250;
T_19 ;
    %vpi_call 2 30 "$dumpfile", "trng_test1.vcd" {0 0 0};
    %vpi_call 2 31 "$dumpvars", 32'sb00000000000000000000000000000000, S_0x1ddccc0 {0 0 0};
    %vpi_call 2 32 "$display", "start sim" {0 0 0};
    %vpi_func 2 34 "$fopen" 32, "data_file.txt", "r" {0 0 0};
    %store/vec4 v0x1e143e0_0, 0, 32;
    %load/vec4 v0x1e143e0_0;
    %cmpi/e 0, 0, 32;
    %jmp/0xz  T_19.0, 4;
    %vpi_call 2 36 "$display", "data_file handle was NULL" {0 0 0};
    %vpi_call 2 37 "$finish" {0 0 0};
T_19.0 ;
    %pushi/vec4 100, 0, 32;
T_19.2 %dup/vec4;
    %pushi/vec4 0, 0, 32;
    %cmp/s;
    %jmp/1xz T_19.3, 5;
    %jmp/1 T_19.3, 4;
    %pushi/vec4 1, 0, 32;
    %sub;
    %wait E_0x1dc7ed0;
    %jmp T_19.2;
T_19.3 ;
    %pop/vec4 1;
    %load/vec4 v0x1e144a0_0;
    %nor/r;
    %flag_set/vec4 8;
    %jmp/0xz  T_19.4, 8;
    %vpi_call 2 44 "$display", "Failure: Timing out after 100 cycles" {0 0 0};
    %vpi_call 2 45 "$finish" {0 0 0};
T_19.4 ;
    %vpi_call 2 50 "$finish" {0 0 0};
    %end;
    .thread T_19;
    .scope S_0x1def250;
T_20 ;
    %wait E_0x1dc7ed0;
    %load/vec4 v0x1e14300_0;
    %addi 1, 0, 32;
    %assign/vec4 v0x1e14300_0, 0;
    %vpi_func 2 57 "$fscanf" 32, v0x1e143e0_0, "%d\012", v0x1e14560_0 {0 0 0};
    %store/vec4 v0x1e14870_0, 0, 32;
    %load/vec4 v0x1e14730_0;
    %flag_set/vec4 8;
    %jmp/0xz  T_20.0, 8;
    %vpi_call 2 59 "$display", "%b", v0x1e14690_0 {0 0 0};
T_20.0 ;
    %jmp T_20;
    .thread T_20;
# The file index is used to find the file name in the following table.
:file_names 5;
    "N/A";
    "<interactive>";
    "trng_test.v";
    "markov.v";
    "ivn.v";
