\# Program start time:     UTC 2021.05.05 22:38:48.716
\# Local time: PDT (UTC-07:00) 2021.05.05 15:38:48.716
\o Program:		@(#)$CDS: virtuoso version 6.1.7-64b 12/16/2018 07:36 (sjfhw317) $
\o Hierarchy:		/share/instsww/cadence/IC.06.17.823/tools.lnx86/dfII/
\o Sub version:		sub-version  IC6.1.7-64b.500.23  (64-bit addresses)
\# Command line:	/share/instsww/cadence/IC617/tools.lnx86/dfII/bin/64bit/virtuoso -noautostart -mpssession virtuoso10653 -mpshost eda-3.EECS.Berkeley.EDU -davinciService DaVinciService_10653_1620253087 -log /scratch/ee241-aai/chipyard/EE241B_project_sp21/markov/logs_ee241-aai/logs0/Job3.log -licenseLockFileName /scratch/ee241-aai/chipyard/EE241B_project_sp21/markov/.tmp_ee241-aai/.eda-3.EECS.Berkeley.EDU_10653 -nograph -nostdin -axlChildIdFlag 3
\# Host name (type):	eda-3.EECS.Berkeley.EDU (x86_64)
\# Operating system:	Linux 3.10.0-1160.24.1.el7.x86_64 #1 SMP Thu Apr 8 19:51:47 UTC 2021
\# Linux /etc/issue:	\S
\# Linux /etc/issue:	Kernel \r on an \m
\# X display name (WxH):	:95 (1024x868)
\# Available geometry:			TL(0:0) BR(1023:867)
\# X server:			RealVNC Ltd (VNC nograph server, PID 29169)
\# Depth of Visual (Root):	16 (16)
\# Number of Planes Used:	16
\# X version:		11.0 (vendor release 3370)
\# X resource pool:	base 0x1000000, mask 0x3fffff (4194303), shift 0
\# 			current id 0x0, current max 0x3ffffa (4194298)
\# Max data seg size:	     unlimited
\# Max process size:	     unlimited
\# Initial sbrk value:	        484 MB
\# Available memory:	     81,523 MB
\# System memory:	     97,442 MB
\# Maximum memory size:	     97,033 MB
\# Max mem available:	     81,598 MB
\# Initial memory used:	         75 MB
\#        process size:	      1,067 MB
\# Thread usage limits (effective/default):	maxthreads 4096/4096 maxload 16.00/16.00
\# Qt version:		4.8.5
\# Window Manager:	other
\# User Name:		ee241-aai
\o Working Directory:	eda-3.EECS.Berkeley.EDU:/scratch/ee241-aai/chipyard/EE241B_project_sp21/markov
\# Process Id:		29432
\o 
\o COPYRIGHT (C) 1992-2018  CADENCE DESIGN SYSTEMS INC.  ALL RIGHTS RESERVED.
\o           (C) 1992-2018  UNIX SYSTEMS Laboratories INC.,
\o                          Reproduced with permission.
\o 
\o This Cadence Design Systems program and online documentation are
\o proprietary/confidential information and may be disclosed/used only
\o as authorized in a license agreement controlling such use and disclosure.
\o 
\o           RESTRICTED RIGHTS NOTICE (SHORT FORM)
\o Use/reproduction/disclosure is subject to restriction
\o set forth at FAR 1252.227-19 or its equivalent.
\o Loading geView.cxt 
\o Loading menuBuilder.cxt 
\o Loading schView.cxt 
\o Loading selectSv.cxt 
\o Loading wireEdit.cxt 
\o Loading pte2.cxt 
\o Loading xlUI.cxt 
\o Loading auCore.cxt 
\o Loading vhdl.cxt 
\o Loading seismic.cxt 
\o Loading ci.cxt 
\o Loading ams.cxt 
\o Loading oasis.cxt 
\o Loading analog.cxt 
\o Loading asimenv.cxt 
\o Loading socket.cxt 
\o Loading dal.cxt 
\o Loading awv.cxt 
\o Loading par.cxt 
\o Loading alvs.cxt 
\o Loading caa.cxt 
\o Loading adexlCore.cxt 
\o Loading adexl.cxt 
\o *Info*    Exporting services from client ... 
\o 
\o *INFO* (icLic-303) virtuoso: PID=29432, Child Mode is true, ICPR Mode is true, Registration Timeout is 180 seconds, Communication Timeout is 180 seconds.
\# Memory report: using         199 MB, process size 1,312 MB at UTC 2021.05.05 22:38:51.026
\o //
\o //  Calibre Skill Interface * (v2017.4_35.25) *
\o //
\o //                 Copyright Mentor Graphics Corporation 2005
\o //                             All Rights Reserved.
\o //         THIS WORK CONTAINS TRADE SECRET AND PROPRIETARY INFORMATION
\o //            WHICH IS THE PROPERTY OF MENTOR GRAPHICS CORPORATION
\o //              OR ITS LICENSORS AND IS SUBJECT TO LICENSE TERMS.
\o //
\o //
\o loading vars from /home/ff/ee241/spring20-labs/asap7PDK_r1p5/cdslib/setup/cdsenv for tool layout
\o --------------------------------------------------------------------------------
\o    ###     ######     ###    ########  ########    ########  ########  ##    ## 
\o   ## ##   ##    ##   ## ##   ##     ## ##    ##    ##     ## ##     ## ##   ##  
\o  ##   ##  ##        ##   ##  ##     ##     ##      ##     ## ##     ## ##  ##   
\o ##     ##  ######  ##     ## ########     ##       ########  ##     ## #####    
\o #########       ## ######### ##          ##        ##        ##     ## ##  ##   
\o ##     ## ##    ## ##     ## ##          ##        ##        ##     ## ##   ##  
\o ##     ##  ######  ##     ## ##          ##        ##        ########  ##    ## 
\o --------------------------------------------------------------------------------
\o *Info*    Client has finished starting ... 
\o 
\p > 
\o Loading pe.cxt 
\a _treeSetOpcGUI(t)
\r t
\o Loading vqp.cxt 
\o 
\o 
\o *Info*    Configuring the session ...
\o 
\o 	Library      = project
\o 	Cell         = strongARM_tb
\o 	View         = schematic
\o 	Simulator    = spectre
\o 	State Path   = $AXL_SETUPDB_DIR/test_states
\o 	State Name   = project:strongARM_tb:1_spectre_state1_Interactive.2
\o 	Results DB   = /scratch/ee241-aai/chipyard/EE241B_project_sp21/markov/project/strongARM_tb/adexl/results/data/Interactive.2.rdb
\o 	Results Dir  = /home/cc/ee241/sp21/class/ee241-aai/simulation/project/strongARM_tb/adexl/results/data/Interactive.2/1/project:strongARM_tb:1
\o 	Results Loc  = /home/cc/ee241/sp21/class/ee241-aai/simulation/project/strongARM_tb/adexl/results/data
\o 	Project Dir  = /home/cc/ee241/sp21/class/ee241-aai/simulation
\o 	Setup DB loc = /scratch/ee241-aai/chipyard/EE241B_project_sp21/markov/project/strongARM_tb/adexl
\o 	File Encoding = 0
\o 
\o 
\o Loading simui.cxt 
\o *INFO* (icLic-304) Start to connect to parent process (session=virtuoso10653, host=eda-3.EECS.Berkeley.EDU). Total timeout is 180 seconds. Connection timeout is 90 seconds.
\o *INFO* (icLic-305) Step 1: Connecting to parent. Spent time is 0 seconds.
\o *INFO* (icLic-309) The registration of the child 29432 within 90 seconds is being processed ...
\o *INFO* (icLic-310) The result of registration is true. Spend time is 0 seconds.
\o *INFO* (icLic-308) The end of connection. Result is true. Total spent time is 0 seconds.
\o Loading viva.cxt 
\o Loading spectrei.cxt 
\o Loading devCheck.cxt 
\o Loading relXpert.cxt 
\o Loading hspiceD.cxt 
\o Loading spectreinl.cxt 
\o Loading msgHandler.cxt 
\o Loading UltraSim.cxt 
\o Loading AMSOSS.cxt 
\o Loading AMS.cxt 
\o WARNING (ADE-7002): The Spectre run mode needs to be 'batch' when Spectre high-performance mode is enabled. Automatically
\o             setting the run mode to 'batch'.
\o 
\o *Info*    The auto suspension is disabled.
\o 
\o Loading monte.cxt 
\o 
\o 
\o 
\o 
\o 
\o *Info*    Run start for Point ID (2 2) on testbench [
\o           project:strongARM_tb:1 ].
\o 
\o Resetting statistical vars
\o 
\o *Info*    Setting parameter values ...
\o 
\o Setting var fclk = "250k"
\o Setting temp(T) = 27
\o Setting var vdd = "0.9"
\o Setting var vg = "0"
\o 
\o *Info*    Netlist Directory =
\o           /home/cc/ee241/sp21/class/ee241-aai/simulation/project/strongARM_tb/adexl/results/data/Interactive.2/2/project:strongARM_tb:1/netlist
\o 
\o 
\o *Info*    Data Directory    =
\o           /home/cc/ee241/sp21/class/ee241-aai/simulation/project/strongARM_tb/adexl/results/data/Interactive.2/2/project:strongARM_tb:1
\o 
\o 
\o *Info*    Creating Netlist for Point ID (2 2)
\o 
\o generate netlist...
\o Loading seCore.cxt 
\o Begin Incremental Netlisting May  5 15:38:55 2021
\o End netlisting May  5 15:38:55 2021
\o 
\o 	The netlist is up to date.
\o 	Time taken to compare the design with netlist:   0.0s
\o       ...successful.
\o compose simulator input file...
\o       ...successful.
\o 
\o *Info*    Running simulation on testbench [ project:strongARM_tb:1 ]
\o           for Point ID (2 2).
\o 
\o Delete psf data in /home/cc/ee241/sp21/class/ee241-aai/simulation/project/strongARM_tb/adexl/results/data/Interactive.2/2/project:strongARM_tb:1/psf.
\o compose simulator input file...
\o       ...successful.
\o start simulator if needed...
\o       ...successful.
\o simulate...
\o To view the simulator output, right-click on the test name, result 
\o name, or any value in the "Results" tab of the Outputs section and 
\o choose "Output Log" menu option.
\o Loading paraplot.cxt 
\# Memory report: using         302 MB, process size 1,430 MB at UTC 2021.05.05 22:38:56.552
\o INFO (ADE-3071): Simulation completed successfully.
\o reading simulation data...
\o       ...successful.
\o *Info*    Client has finished evaluating ... 
\o 
\o 
\o *Info*    Run complete for Point ID (2 2) on testbench [
\o           project:strongARM_tb:1 ].
\o 
\o 
\o 
\o 
\o 
\# Available memory:         81,206 MB at UTC 2021.05.05 22:38:59.118
\# Memory report: Maximum memory size now 81,510 MB at UTC 2021.05.05 22:38:59.118
\# Thread usage report: 17 active threads, active load 1.00 at UTC 2021.05.05 22:38:59.118
\o Simulation design variables differ from those on the cellView,
\o they have been saved in the file "/tmp/saved-design-variables3".
\o To save future changes, copy variables to cellView before exiting.
\o 
\o 
\o *Info*    Configuring the session ...
\o 
\o 	Library      = project
\o 	Cell         = strongARM_tb
\o 	View         = schematic
\o 	Simulator    = spectre
\o 	State Path   = $AXL_SETUPDB_DIR/test_states
\o 	State Name   = project:strongARM_tb:1_spectre_state1_Interactive.3
\o 	Results DB   = /scratch/ee241-aai/chipyard/EE241B_project_sp21/markov/project/strongARM_tb/adexl/results/data/Interactive.3.rdb
\o 	Results Dir  = /home/cc/ee241/sp21/class/ee241-aai/simulation/project/strongARM_tb/adexl/results/data/Interactive.3/1/project:strongARM_tb:1
\o 	Results Loc  = /home/cc/ee241/sp21/class/ee241-aai/simulation/project/strongARM_tb/adexl/results/data
\o 	Project Dir  = /home/cc/ee241/sp21/class/ee241-aai/simulation
\o 	Setup DB loc = /scratch/ee241-aai/chipyard/EE241B_project_sp21/markov/project/strongARM_tb/adexl
\o 	File Encoding = 0
\o 
\o 
\o 
\o *Info*    The auto suspension is disabled.
\o 
\o 
\o 
\o 
\o 
\o 
\o *Info*    Run start for Point ID (3 1) on testbench [
\o           project:strongARM_tb:1 ].
\o 
\o Resetting statistical vars
\o 
\o *Info*    Setting parameter values ...
\o 
\o Setting var fclk = "250k"
\o Setting temp(T) = 27
\o Setting var vdd = "0.5"
\o Setting var vg = "0"
\o 
\o *Info*    Netlist Directory =
\o           /home/cc/ee241/sp21/class/ee241-aai/simulation/project/strongARM_tb/adexl/results/data/Interactive.3/1/project:strongARM_tb:1/netlist
\o 
\o 
\o *Info*    Data Directory    =
\o           /home/cc/ee241/sp21/class/ee241-aai/simulation/project/strongARM_tb/adexl/results/data/Interactive.3/1/project:strongARM_tb:1
\o 
\o 
\o *Info*    Creating Netlist for Point ID (3 1)
\o 
\o generate netlist...
\o Initializing the control file using cp:
\o     cp /share/instsww/cadence/IC.06.17.823/tools.lnx86/dfII/etc/si/control.spectre /home/cc/ee241/sp21/class/ee241-aai/simulation/project/strongARM_tb/adexl/results/data/Interactive.3/1/project:strongARM_tb:1/netlist/control
\o Copying Spectre source file 'spectre.inp'
\o Copying Spectre command file 'spectre.sim'
\o Begin Incremental Netlisting May  5 15:41:53 2021
\o End netlisting May  5 15:41:53 2021
\o 
\o Netlisting Statistics:
\o 	Number of components:   16
\o 
\o 	Elapsed time:          1.0s (16.00/s)
\o Errors: 0	Warnings: 0
\o       ...successful.
\o compose simulator input file...
\o       ...successful.
\o 
\o *Info*    Running simulation on testbench [ project:strongARM_tb:1 ]
\o           for Point ID (3 1).
\o 
\o Delete psf data in /home/cc/ee241/sp21/class/ee241-aai/simulation/project/strongARM_tb/adexl/results/data/Interactive.3/1/project:strongARM_tb:1/psf.
\o compose simulator input file...
\o       ...successful.
\o start simulator if needed...
\o       ...successful.
\o simulate...
\o To view the simulator output, right-click on the test name, result 
\o name, or any value in the "Results" tab of the Outputs section and 
\o choose "Output Log" menu option.
\# Memory report: Maximum memory size now 79,800 MB at UTC 2021.05.05 23:38:34.115
\o INFO (ADE-3071): Simulation completed successfully.
\o reading simulation data...
\o       ...successful.
\o *Info*    Client has finished evaluating ... 
\o 
\o ERROR (WIA-1006): Unable to plot expression <IT("/V0/PLUS")>
\o            because it does not evaluate to an object that can be plotted, like a waveform or
\o            parametric wave. See the Visualization & Analysis Tool documentation for information
\o            about the types of objects that can be plotted in Visualization & Analysis Tool. Only
\o            the expressions that evaluate to those objects can be plotted.
\o WARNING (OCN-6038): Results tranOpTimed are not available for /home/cc/ee241/sp21/class/ee241-aai/simulation/project/strongARM_tb/adexl/results/data/Interactive.3/1/project:strongARM_tb:1/psf. Use results() for a list of available results.
\o ERROR (WIA-1006): Unable to plot expression <VT("/outn")>
\o            because it does not evaluate to an object that can be plotted, like a waveform or
\o            parametric wave. See the Visualization & Analysis Tool documentation for information
\o            about the types of objects that can be plotted in Visualization & Analysis Tool. Only
\o            the expressions that evaluate to those objects can be plotted.
\o WARNING (OCN-6038): Results tranOpTimed are not available for /home/cc/ee241/sp21/class/ee241-aai/simulation/project/strongARM_tb/adexl/results/data/Interactive.3/1/project:strongARM_tb:1/psf. Use results() for a list of available results.
\o ERROR (WIA-1006): Unable to plot expression <VT("/outp")>
\o            because it does not evaluate to an object that can be plotted, like a waveform or
\o            parametric wave. See the Visualization & Analysis Tool documentation for information
\o            about the types of objects that can be plotted in Visualization & Analysis Tool. Only
\o            the expressions that evaluate to those objects can be plotted.
\e *Error* Could not create directory: /home/cc/ee241/sp21/class/ee241-aai/simulation/project/strongARM_tb/adexl/results/data/.tmpADEDir_ee241-aai/AHDL_sharedData.
\e 
\o 
\o *Info*    Run complete for Point ID (3 1) on testbench [
\o           project:strongARM_tb:1 ].
\o 
\o 
\o 
\o 
\o 
\o Job 3 timed out after no activity in 300 seconds.
\o Simulation design variables differ from those on the cellView,
\o they have been saved in the file "/tmp/saved-design-variables3".
\o To save future changes, copy variables to cellView before exiting.
\o 
\o *Info*    Received signal SIGTERM.
\o 
\o 
