\# Program start time:     UTC 2021.05.05 08:05:43.551
\# Local time: PDT (UTC-07:00) 2021.05.05 01:05:43.551
\o Program:		@(#)$CDS: virtuoso version 6.1.7-64b 12/16/2018 07:36 (sjfhw317) $
\o Hierarchy:		/share/instsww/cadence/IC.06.17.823/tools.lnx86/dfII/
\o Sub version:		sub-version  IC6.1.7-64b.500.23  (64-bit addresses)
\# Command line:	/share/instsww/cadence/IC617/tools.lnx86/dfII/bin/64bit/virtuoso -noautostart -mpssession virtuoso9275 -mpshost eda-3.EECS.Berkeley.EDU -davinciService DaVinciService_9275_1620200678 -log /scratch/ee241-aai/chipyard/EE241B_project_sp21/markov/logs_ee241-aai/logs0/Job6.log -licenseLockFileName /scratch/ee241-aai/chipyard/EE241B_project_sp21/markov/.tmp_ee241-aai/.eda-3.EECS.Berkeley.EDU_9275 -nograph -nostdin -axlChildIdFlag 6
\# Host name (type):	eda-3.EECS.Berkeley.EDU (x86_64)
\# Operating system:	Linux 3.10.0-1160.24.1.el7.x86_64 #1 SMP Thu Apr 8 19:51:47 UTC 2021
\# Linux /etc/issue:	\S
\# Linux /etc/issue:	Kernel \r on an \m
\# X display name (WxH):	:95 (1024x868)
\# Available geometry:			TL(0:0) BR(1023:867)
\# X server:			RealVNC Ltd (VNC nograph server, PID 24196)
\# Depth of Visual (Root):	16 (16)
\# Number of Planes Used:	16
\# X version:		11.0 (vendor release 3370)
\# X resource pool:	base 0x2000000, mask 0x3fffff (4194303), shift 0
\# 			current id 0x0, current max 0x3ffffa (4194298)
\# Max data seg size:	     unlimited
\# Max process size:	     unlimited
\# Initial sbrk value:	        460 MB
\# Available memory:	     16,532 MB
\# System memory:	     97,442 MB
\# Maximum memory size:	     97,057 MB
\# Max mem available:	     16,607 MB
\# Initial memory used:	         75 MB
\#        process size:	      1,067 MB
\# Thread usage limits (effective/default):	maxthreads 4096/4096 maxload 16.00/16.00
\# Qt version:		4.8.5
\# Window Manager:	other
\# User Name:		ee241-aai
\o Working Directory:	eda-3.EECS.Berkeley.EDU:/scratch/ee241-aai/chipyard/EE241B_project_sp21/markov
\# Process Id:		12572
\o 
\o COPYRIGHT (C) 1992-2018  CADENCE DESIGN SYSTEMS INC.  ALL RIGHTS RESERVED.
\o           (C) 1992-2018  UNIX SYSTEMS Laboratories INC.,
\o                          Reproduced with permission.
\o 
\o This Cadence Design Systems program and online documentation are
\o proprietary/confidential information and may be disclosed/used only
\o as authorized in a license agreement controlling such use and disclosure.
\o 
\o           RESTRICTED RIGHTS NOTICE (SHORT FORM)
\o Use/reproduction/disclosure is subject to restriction
\o set forth at FAR 1252.227-19 or its equivalent.
\o Loading geView.cxt 
\o Loading menuBuilder.cxt 
\o Loading schView.cxt 
\o Loading selectSv.cxt 
\o Loading wireEdit.cxt 
\o Loading pte2.cxt 
\o Loading xlUI.cxt 
\o Loading auCore.cxt 
\o Loading vhdl.cxt 
\o Loading seismic.cxt 
\o Loading ci.cxt 
\o Loading ams.cxt 
\o Loading oasis.cxt 
\o Loading analog.cxt 
\o Loading asimenv.cxt 
\o Loading socket.cxt 
\o Loading dal.cxt 
\o Loading awv.cxt 
\o Loading par.cxt 
\o Loading alvs.cxt 
\o Loading caa.cxt 
\o Loading adexlCore.cxt 
\o Loading adexl.cxt 
\o *Info*    Exporting services from client ... 
\o 
\o *INFO* (icLic-303) virtuoso: PID=12572, Child Mode is true, ICPR Mode is true, Registration Timeout is 180 seconds, Communication Timeout is 180 seconds.
\# Memory report: using         198 MB, process size 1,312 MB at UTC 2021.05.05 08:05:49.812
\o //
\o //  Calibre Skill Interface * (v2017.4_35.25) *
\o //
\o //                 Copyright Mentor Graphics Corporation 2005
\o //                             All Rights Reserved.
\o //         THIS WORK CONTAINS TRADE SECRET AND PROPRIETARY INFORMATION
\o //            WHICH IS THE PROPERTY OF MENTOR GRAPHICS CORPORATION
\o //              OR ITS LICENSORS AND IS SUBJECT TO LICENSE TERMS.
\o //
\o //
\o loading vars from /home/ff/ee241/spring20-labs/asap7PDK_r1p5/cdslib/setup/cdsenv for tool layout
\o --------------------------------------------------------------------------------
\o    ###     ######     ###    ########  ########    ########  ########  ##    ## 
\o   ## ##   ##    ##   ## ##   ##     ## ##    ##    ##     ## ##     ## ##   ##  
\o  ##   ##  ##        ##   ##  ##     ##     ##      ##     ## ##     ## ##  ##   
\o ##     ##  ######  ##     ## ########     ##       ########  ##     ## #####    
\o #########       ## ######### ##          ##        ##        ##     ## ##  ##   
\o ##     ## ##    ## ##     ## ##          ##        ##        ##     ## ##   ##  
\o ##     ##  ######  ##     ## ##          ##        ##        ########  ##    ## 
\o --------------------------------------------------------------------------------
\o *Info*    Client has finished starting ... 
\o 
\p > 
\o Loading pe.cxt 
\a _treeSetOpcGUI(t)
\r t
\# Available memory:         16,451 MB at UTC 2021.05.05 08:05:54.411
\# Memory report: Maximum memory size now 16,656 MB at UTC 2021.05.05 08:05:54.411
\# Thread usage report: 17 active threads, active load 1.00 at UTC 2021.05.05 08:05:54.411
\# Memory report: Maximum memory size now 16,041 MB at UTC 2021.05.05 08:07:34.414
\# Memory report: Maximum memory size now 16,447 MB at UTC 2021.05.05 08:07:44.415
\# Memory report: Maximum memory size now 16,781 MB at UTC 2021.05.05 08:10:14.422
\o Job 6 timed out after no activity in 300 seconds.
\o Loading simui.cxt 
\# Memory report: on exit            209 MB, process size 1,322 MB at UTC 2021.05.05 08:10:53.475
\# Memory report: peak usage         209 MB, process size 1,322 MB
