\o Program:		@(#)$CDS: libManager version 6.1.7 - CAT35 10/30/2018 21:08 (sjfnl050) $
\o Sub version:		sub-version  s231 
\o Arguments:		-mpssession virtuoso9275 -mpshost eda-3.EECS.Berkeley.EDU 
\o Working Directory:	eda-3.EECS.Berkeley.EDU:/scratch/ee241-aai/chipyard/EE241B_project_sp21/markov
\o 64-bit offsets
\o Qt version: 		4.8.5
\o Log file is "/scratch/ee241-aai/chipyard/EE241B_project_sp21/markov/libManager.log".
\o Opening libManager window.
\a nrSetCurrentWindow(cdsLibManager)
\a nrResizeWindow(cdsLibManager list(917 79 809 602))
\o changeWorkingDir("/scratch/ee241-aai/chipyard/EE241B_project_sp21/markov") unnecessary.
\o ddSetForcedLib("") unnecessary.
\o MPS service: map window
\o Library Manager customization server connected.
\a cdsLibManager->libListBox->value = "rfLib"
\a cdsLibManager->libLineEdit->value = "rfLib"
\a cdsLibManager->libListBox->value = "project"
\a cdsLibManager->libLineEdit->value = "project"
\a cdsLibManager->cellListBox->value = "strongARM_tb"
\a cdsLibManager->cellLineEdit->value = "strongARM_tb"
\a cdsLibManager->viewListBox->value = "adexl"
\a cdsLibManager->viewLineEdit->value = "adexl"
\o MPS request: edit design
\a nrListItemAction(cdsLibManager->gdmXTView 0 0)
\a cdsLibManager->libListBox->value = nil
\a cdsLibManager->libLineEdit->value = ""
\a cdsLibManager->cellListBox->value = nil
\a cdsLibManager->viewLineEdit->value = ""
\a cdsLibManager->viewListBox->value = nil
\a cdsLibManager->cellLineEdit->value = ""
\a cdsLibManager->libListBox->value = "project"
\a cdsLibManager->libLineEdit->value = "project"
\a cdsLibManager->cellListBox->value = "strongARM_tb"
\a cdsLibManager->cellLineEdit->value = "strongARM_tb"
\a cdsLibManager->viewListBox->value = "adexl"
\a cdsLibManager->viewLineEdit->value = "adexl"
\a cdsLibManager->viewLineEdit->value = ""
\a cdsLibManager->viewListBox->value = nil
\a cdsLibManager->viewListBox->value = "adexl"
\a cdsLibManager->viewLineEdit->value = "adexl"
\a cdsLibManager->libListBox->value = nil
\a cdsLibManager->libLineEdit->value = ""
\a cdsLibManager->cellListBox->value = nil
\a cdsLibManager->viewLineEdit->value = ""
\a cdsLibManager->viewListBox->value = nil
\a cdsLibManager->cellLineEdit->value = ""
\a cdsLibManager->libListBox->value = "project"
\a cdsLibManager->libLineEdit->value = "project"
\a cdsLibManager->cellListBox->value = "strongARM_tb"
\a cdsLibManager->cellLineEdit->value = "strongARM_tb"
\a cdsLibManager->viewListBox->value = "adexl"
\a cdsLibManager->viewLineEdit->value = "adexl"
\a cdsLibManager->viewLineEdit->value = ""
\a cdsLibManager->viewListBox->value = nil
\a cdsLibManager->viewListBox->value = "adexl"
\a cdsLibManager->viewLineEdit->value = "adexl"
\a nrSetCurrentWindow(cdsLibManager)
\a cdsLibManager->viewListBox->value = nil
\a cdsLibManager->viewLineEdit->value = ""
\a cdsLibManager->viewListBox->value = "adexl"
\a cdsLibManager->viewLineEdit->value = "adexl"
\o MPS request: edit design
\a nrListItemAction(cdsLibManager->gdmXTView 0 0)
\a nrSetCurrentWindow(cdsLibManager)
\a cdsLibManager->viewListBox->value = "schematic"
\a cdsLibManager->viewLineEdit->value = "schematic"
\a cdsLibManager->viewListBox->value = nil
\a cdsLibManager->viewLineEdit->value = ""
\a cdsLibManager->viewListBox->value = "schematic"
\a cdsLibManager->viewLineEdit->value = "schematic"
\o MPS request: edit design
\a nrListItemAction(cdsLibManager->gdmXTView 1 0)
\a nrSetCurrentWindow(cdsLibManager)
\a cdsLibManager->libListBox->value = nil
\a cdsLibManager->libLineEdit->value = ""
\a cdsLibManager->cellListBox->value = nil
\a cdsLibManager->viewLineEdit->value = ""
\a cdsLibManager->viewListBox->value = nil
\a cdsLibManager->cellLineEdit->value = ""
\a cdsLibManager->libListBox->value = "project"
\a cdsLibManager->libLineEdit->value = "project"
\a cdsLibManager->cellListBox->value = "strongARM_tb"
\a cdsLibManager->cellLineEdit->value = "strongARM_tb"
\a cdsLibManager->viewListBox->value = "schematic"
\a cdsLibManager->viewLineEdit->value = "schematic"
\a cdsLibManager->viewLineEdit->value = ""
\a cdsLibManager->viewListBox->value = nil
\a cdsLibManager->viewListBox->value = "schematic"
\a cdsLibManager->viewLineEdit->value = "schematic"
\o MPS service: shutdown
\o libManager is exiting.
\a nrSetWindowVisibility(cdsLibManager "hide")
\a exit(0)
